{"/Users/apple/Desktop/PROJECT-1/backend/src/app.js": {"path":"/Users/apple/Desktop/PROJECT-1/backend/src/app.js","statementMap":{"0":{"start":{"line":5,"column":16},"end":{"line":5,"column":34}},"1":{"start":{"line":6,"column":13},"end":{"line":6,"column":28}},"2":{"start":{"line":7,"column":15},"end":{"line":7,"column":32}},"3":{"start":{"line":8,"column":12},"end":{"line":8,"column":26}},"4":{"start":{"line":9,"column":20},"end":{"line":9,"column":42}},"5":{"start":{"line":10,"column":13},"end":{"line":10,"column":28}},"6":{"start":{"line":12,"column":15},"end":{"line":12,"column":46}},"7":{"start":{"line":13,"column":20},"end":{"line":13,"column":44}},"8":{"start":{"line":14,"column":16},"end":{"line":14,"column":42}},"9":{"start":{"line":15,"column":27},"end":{"line":15,"column":55}},"10":{"start":{"line":16,"column":15},"end":{"line":16,"column":34}},"11":{"start":{"line":19,"column":22},"end":{"line":19,"column":60}},"12":{"start":{"line":20,"column":21},"end":{"line":20,"column":58}},"13":{"start":{"line":21,"column":28},"end":{"line":21,"column":64}},"14":{"start":{"line":22,"column":23},"end":{"line":22,"column":59}},"15":{"start":{"line":23,"column":35},"end":{"line":23,"column":72}},"16":{"start":{"line":25,"column":12},"end":{"line":25,"column":21}},"17":{"start":{"line":28,"column":0},"end":{"line":32,"column":4}},"18":{"start":{"line":33,"column":0},"end":{"line":33,"column":15}},"19":{"start":{"line":34,"column":0},"end":{"line":34,"column":23}},"20":{"start":{"line":37,"column":0},"end":{"line":37,"column":23}},"21":{"start":{"line":38,"column":0},"end":{"line":38,"column":27}},"22":{"start":{"line":39,"column":0},"end":{"line":39,"column":60}},"23":{"start":{"line":40,"column":0},"end":{"line":40,"column":82}},"24":{"start":{"line":41,"column":0},"end":{"line":41,"column":22}},"25":{"start":{"line":42,"column":0},"end":{"line":42,"column":25}},"26":{"start":{"line":45,"column":0},"end":{"line":45,"column":28}},"27":{"start":{"line":49,"column":0},"end":{"line":49,"column":77}},"28":{"start":{"line":52,"column":0},"end":{"line":52,"column":79}},"29":{"start":{"line":55,"column":0},"end":{"line":55,"column":68}},"30":{"start":{"line":58,"column":0},"end":{"line":61,"column":4}},"31":{"start":{"line":64,"column":0},"end":{"line":88,"column":3}},"32":{"start":{"line":65,"column":4},"end":{"line":87,"column":5}},"33":{"start":{"line":66,"column":8},"end":{"line":66,"column":31}},"34":{"start":{"line":67,"column":8},"end":{"line":77,"column":11}},"35":{"start":{"line":79,"column":8},"end":{"line":86,"column":11}},"36":{"start":{"line":91,"column":0},"end":{"line":93,"column":3}},"37":{"start":{"line":92,"column":4},"end":{"line":92,"column":40}},"38":{"start":{"line":96,"column":0},"end":{"line":96,"column":24}},"39":{"start":{"line":101,"column":0},"end":{"line":101,"column":78}},"40":{"start":{"line":101,"column":37},"end":{"line":101,"column":76}},"41":{"start":{"line":102,"column":0},"end":{"line":102,"column":83}},"42":{"start":{"line":102,"column":42},"end":{"line":102,"column":81}},"43":{"start":{"line":103,"column":0},"end":{"line":103,"column":89}},"44":{"start":{"line":103,"column":45},"end":{"line":103,"column":87}},"45":{"start":{"line":106,"column":0},"end":{"line":106,"column":18}},"46":{"start":{"line":107,"column":0},"end":{"line":107,"column":22}},"47":{"start":{"line":109,"column":0},"end":{"line":109,"column":21}}},"fnMap":{"0":{"name":"(anonymous_0)","decl":{"start":{"line":64,"column":26},"end":{"line":64,"column":27}},"loc":{"start":{"line":64,"column":46},"end":{"line":88,"column":1}},"line":64},"1":{"name":"(anonymous_1)","decl":{"start":{"line":91,"column":23},"end":{"line":91,"column":24}},"loc":{"start":{"line":91,"column":37},"end":{"line":93,"column":1}},"line":91},"2":{"name":"(anonymous_2)","decl":{"start":{"line":101,"column":23},"end":{"line":101,"column":24}},"loc":{"start":{"line":101,"column":37},"end":{"line":101,"column":76}},"line":101},"3":{"name":"(anonymous_3)","decl":{"start":{"line":102,"column":28},"end":{"line":102,"column":29}},"loc":{"start":{"line":102,"column":42},"end":{"line":102,"column":81}},"line":102},"4":{"name":"(anonymous_4)","decl":{"start":{"line":103,"column":31},"end":{"line":103,"column":32}},"loc":{"start":{"line":103,"column":45},"end":{"line":103,"column":87}},"line":103}},"branchMap":{"0":{"loc":{"start":{"line":29,"column":27},"end":{"line":29,"column":68}},"type":"cond-expr","locations":[{"start":{"line":29,"column":51},"end":{"line":29,"column":60}},{"start":{"line":29,"column":63},"end":{"line":29,"column":68}}],"line":29},"1":{"loc":{"start":{"line":31,"column":10},"end":{"line":31,"column":87}},"type":"cond-expr","locations":[{"start":{"line":31,"column":34},"end":{"line":31,"column":79}},{"start":{"line":31,"column":82},"end":{"line":31,"column":87}}],"line":31},"2":{"loc":{"start":{"line":75,"column":25},"end":{"line":75,"column":73}},"type":"binary-expr","locations":[{"start":{"line":75,"column":25},"end":{"line":75,"column":62}},{"start":{"line":75,"column":66},"end":{"line":75,"column":73}}],"line":75},"3":{"loc":{"start":{"line":84,"column":25},"end":{"line":84,"column":86}},"type":"cond-expr","locations":[{"start":{"line":84,"column":49},"end":{"line":84,"column":70}},{"start":{"line":84,"column":73},"end":{"line":84,"column":86}}],"line":84}},"s":{"0":1,"1":1,"2":1,"3":1,"4":1,"5":1,"6":1,"7":1,"8":1,"9":1,"10":1,"11":1,"12":1,"13":1,"14":1,"15":1,"16":1,"17":1,"18":1,"19":1,"20":1,"21":1,"22":1,"23":1,"24":1,"25":1,"26":1,"27":1,"28":1,"29":1,"30":1,"31":1,"32":2,"33":2,"34":1,"35":1,"36":1,"37":0,"38":1,"39":1,"40":0,"41":1,"42":0,"43":1,"44":0,"45":1,"46":1,"47":1},"f":{"0":2,"1":0,"2":0,"3":0,"4":0},"b":{"0":[0,1],"1":[0,1],"2":[1,0],"3":[0,1]},"_coverageSchema":"1a1c01bbd47fc00a2c39e90264f33305004495a9","hash":"cd436b73512e698cd728b5e3f647e2f78e324480"}
,"/Users/apple/Desktop/PROJECT-1/backend/src/config/cors.js": {"path":"/Users/apple/Desktop/PROJECT-1/backend/src/config/cors.js","statementMap":{"0":{"start":{"line":4,"column":15},"end":{"line":4,"column":39}},"1":{"start":{"line":6,"column":20},"end":{"line":22,"column":1}},"2":{"start":{"line":9,"column":8},"end":{"line":9,"column":49}},"3":{"start":{"line":9,"column":21},"end":{"line":9,"column":49}},"4":{"start":{"line":11,"column":8},"end":{"line":15,"column":9}},"5":{"start":{"line":12,"column":12},"end":{"line":12,"column":33}},"6":{"start":{"line":14,"column":12},"end":{"line":14,"column":72}},"7":{"start":{"line":24,"column":0},"end":{"line":24,"column":29}}},"fnMap":{"0":{"name":"(anonymous_0)","decl":{"start":{"line":7,"column":12},"end":{"line":7,"column":13}},"loc":{"start":{"line":7,"column":34},"end":{"line":16,"column":5}},"line":7}},"branchMap":{"0":{"loc":{"start":{"line":9,"column":8},"end":{"line":9,"column":49}},"type":"if","locations":[{"start":{"line":9,"column":8},"end":{"line":9,"column":49}},{"start":{},"end":{}}],"line":9},"1":{"loc":{"start":{"line":11,"column":8},"end":{"line":15,"column":9}},"type":"if","locations":[{"start":{"line":11,"column":8},"end":{"line":15,"column":9}},{"start":{"line":13,"column":15},"end":{"line":15,"column":9}}],"line":11}},"s":{"0":1,"1":1,"2":2,"3":2,"4":0,"5":0,"6":0,"7":1},"f":{"0":2},"b":{"0":[2,0],"1":[0,0]},"_coverageSchema":"1a1c01bbd47fc00a2c39e90264f33305004495a9","hash":"0c441376ced181d16e79edae04bd2c1d67537e2d"}
,"/Users/apple/Desktop/PROJECT-1/backend/src/config/environment.js": {"path":"/Users/apple/Desktop/PROJECT-1/backend/src/config/environment.js","statementMap":{"0":{"start":{"line":5,"column":15},"end":{"line":5,"column":32}},"1":{"start":{"line":6,"column":13},"end":{"line":6,"column":28}},"2":{"start":{"line":9,"column":0},"end":{"line":9,"column":69}},"3":{"start":{"line":11,"column":21},"end":{"line":11,"column":105}},"4":{"start":{"line":13,"column":16},"end":{"line":13,"column":63}},"5":{"start":{"line":13,"column":45},"end":{"line":13,"column":62}},"6":{"start":{"line":14,"column":0},"end":{"line":17,"column":1}},"7":{"start":{"line":15,"column":4},"end":{"line":15,"column":85}},"8":{"start":{"line":16,"column":4},"end":{"line":16,"column":20}},"9":{"start":{"line":19,"column":15},"end":{"line":68,"column":1}},"10":{"start":{"line":43,"column":61},"end":{"line":43,"column":69}},"11":{"start":{"line":66,"column":24},"end":{"line":66,"column":55}},"12":{"start":{"line":67,"column":25},"end":{"line":67,"column":57}},"13":{"start":{"line":70,"column":0},"end":{"line":70,"column":24}}},"fnMap":{"0":{"name":"(anonymous_0)","decl":{"start":{"line":13,"column":36},"end":{"line":13,"column":37}},"loc":{"start":{"line":13,"column":45},"end":{"line":13,"column":62}},"line":13},"1":{"name":"(anonymous_1)","decl":{"start":{"line":43,"column":54},"end":{"line":43,"column":55}},"loc":{"start":{"line":43,"column":61},"end":{"line":43,"column":69}},"line":43},"2":{"name":"(anonymous_2)","decl":{"start":{"line":66,"column":18},"end":{"line":66,"column":19}},"loc":{"start":{"line":66,"column":24},"end":{"line":66,"column":55}},"line":66},"3":{"name":"(anonymous_3)","decl":{"start":{"line":67,"column":19},"end":{"line":67,"column":20}},"loc":{"start":{"line":67,"column":25},"end":{"line":67,"column":57}},"line":67}},"branchMap":{"0":{"loc":{"start":{"line":14,"column":0},"end":{"line":17,"column":1}},"type":"if","locations":[{"start":{"line":14,"column":0},"end":{"line":17,"column":1}},{"start":{},"end":{}}],"line":14},"1":{"loc":{"start":{"line":14,"column":4},"end":{"line":14,"column":57}},"type":"binary-expr","locations":[{"start":{"line":14,"column":4},"end":{"line":14,"column":22}},{"start":{"line":14,"column":26},"end":{"line":14,"column":57}}],"line":14},"2":{"loc":{"start":{"line":20,"column":13},"end":{"line":20,"column":50}},"type":"binary-expr","locations":[{"start":{"line":20,"column":13},"end":{"line":20,"column":33}},{"start":{"line":20,"column":37},"end":{"line":20,"column":50}}],"line":20},"3":{"loc":{"start":{"line":21,"column":10},"end":{"line":21,"column":48}},"type":"binary-expr","locations":[{"start":{"line":21,"column":10},"end":{"line":21,"column":40}},{"start":{"line":21,"column":44},"end":{"line":21,"column":48}}],"line":21},"4":{"loc":{"start":{"line":24,"column":14},"end":{"line":24,"column":48}},"type":"binary-expr","locations":[{"start":{"line":24,"column":14},"end":{"line":24,"column":33}},{"start":{"line":24,"column":37},"end":{"line":24,"column":48}}],"line":24},"5":{"loc":{"start":{"line":25,"column":14},"end":{"line":25,"column":55}},"type":"binary-expr","locations":[{"start":{"line":25,"column":14},"end":{"line":25,"column":47}},{"start":{"line":25,"column":51},"end":{"line":25,"column":55}}],"line":25},"6":{"loc":{"start":{"line":29,"column":17},"end":{"line":29,"column":60}},"type":"binary-expr","locations":[{"start":{"line":29,"column":17},"end":{"line":29,"column":54}},{"start":{"line":29,"column":58},"end":{"line":29,"column":60}}],"line":29},"7":{"loc":{"start":{"line":30,"column":23},"end":{"line":30,"column":73}},"type":"binary-expr","locations":[{"start":{"line":30,"column":23},"end":{"line":30,"column":64}},{"start":{"line":30,"column":68},"end":{"line":30,"column":73}}],"line":30},"8":{"loc":{"start":{"line":31,"column":29},"end":{"line":31,"column":78}},"type":"binary-expr","locations":[{"start":{"line":31,"column":29},"end":{"line":31,"column":70}},{"start":{"line":31,"column":74},"end":{"line":31,"column":78}}],"line":31},"9":{"loc":{"start":{"line":36,"column":22},"end":{"line":36,"column":60}},"type":"binary-expr","locations":[{"start":{"line":36,"column":22},"end":{"line":36,"column":51}},{"start":{"line":36,"column":55},"end":{"line":36,"column":60}}],"line":36},"10":{"loc":{"start":{"line":38,"column":23},"end":{"line":38,"column":61}},"type":"binary-expr","locations":[{"start":{"line":38,"column":23},"end":{"line":38,"column":53}},{"start":{"line":38,"column":57},"end":{"line":38,"column":61}}],"line":38},"11":{"loc":{"start":{"line":42,"column":17},"end":{"line":44,"column":39}},"type":"cond-expr","locations":[{"start":{"line":43,"column":14},"end":{"line":43,"column":70}},{"start":{"line":44,"column":14},"end":{"line":44,"column":39}}],"line":42},"12":{"loc":{"start":{"line":48,"column":18},"end":{"line":48,"column":82}},"type":"binary-expr","locations":[{"start":{"line":48,"column":18},"end":{"line":48,"column":64}},{"start":{"line":48,"column":68},"end":{"line":48,"column":82}}],"line":48},"13":{"loc":{"start":{"line":49,"column":21},"end":{"line":49,"column":68}},"type":"binary-expr","locations":[{"start":{"line":49,"column":21},"end":{"line":49,"column":61}},{"start":{"line":49,"column":65},"end":{"line":49,"column":68}}],"line":49},"14":{"loc":{"start":{"line":50,"column":17},"end":{"line":50,"column":68}},"type":"binary-expr","locations":[{"start":{"line":50,"column":17},"end":{"line":50,"column":62}},{"start":{"line":50,"column":66},"end":{"line":50,"column":68}}],"line":50},"15":{"loc":{"start":{"line":51,"column":17},"end":{"line":51,"column":67}},"type":"binary-expr","locations":[{"start":{"line":51,"column":17},"end":{"line":51,"column":62}},{"start":{"line":51,"column":66},"end":{"line":51,"column":67}}],"line":51},"16":{"loc":{"start":{"line":55,"column":20},"end":{"line":55,"column":70}},"type":"binary-expr","locations":[{"start":{"line":55,"column":20},"end":{"line":55,"column":64}},{"start":{"line":55,"column":68},"end":{"line":55,"column":70}}],"line":55},"17":{"loc":{"start":{"line":56,"column":26},"end":{"line":56,"column":75}},"type":"binary-expr","locations":[{"start":{"line":56,"column":26},"end":{"line":56,"column":70}},{"start":{"line":56,"column":74},"end":{"line":56,"column":75}}],"line":56},"18":{"loc":{"start":{"line":57,"column":24},"end":{"line":57,"column":84}},"type":"binary-expr","locations":[{"start":{"line":57,"column":24},"end":{"line":57,"column":66}},{"start":{"line":57,"column":70},"end":{"line":57,"column":84}}],"line":57},"19":{"loc":{"start":{"line":58,"column":19},"end":{"line":58,"column":50}},"type":"binary-expr","locations":[{"start":{"line":58,"column":19},"end":{"line":58,"column":41}},{"start":{"line":58,"column":45},"end":{"line":58,"column":50}}],"line":58},"20":{"loc":{"start":{"line":62,"column":15},"end":{"line":62,"column":98}},"type":"binary-expr","locations":[{"start":{"line":62,"column":15},"end":{"line":62,"column":36}},{"start":{"line":62,"column":41},"end":{"line":62,"column":97}}],"line":62},"21":{"loc":{"start":{"line":62,"column":41},"end":{"line":62,"column":97}},"type":"cond-expr","locations":[{"start":{"line":62,"column":81},"end":{"line":62,"column":87}},{"start":{"line":62,"column":90},"end":{"line":62,"column":97}}],"line":62},"22":{"loc":{"start":{"line":63,"column":13},"end":{"line":63,"column":79}},"type":"binary-expr","locations":[{"start":{"line":63,"column":13},"end":{"line":63,"column":32}},{"start":{"line":63,"column":36},"end":{"line":63,"column":79}}],"line":63}},"s":{"0":1,"1":1,"2":1,"3":1,"4":1,"5":6,"6":1,"7":0,"8":0,"9":1,"10":2,"11":3,"12":0,"13":1},"f":{"0":6,"1":2,"2":3,"3":0},"b":{"0":[0,1],"1":[1,0],"2":[1,0],"3":[1,0],"4":[1,0],"5":[1,0],"6":[1,1],"7":[1,1],"8":[1,1],"9":[1,0],"10":[1,0],"11":[1,0],"12":[1,1],"13":[1,1],"14":[1,1],"15":[1,1],"16":[1,1],"17":[1,1],"18":[1,1],"19":[1,1],"20":[1,0],"21":[0,0],"22":[1,1]},"_coverageSchema":"1a1c01bbd47fc00a2c39e90264f33305004495a9","hash":"a11b0a5d5bf86f994f9b928ac9133122458aa34d"}
,"/Users/apple/Desktop/PROJECT-1/backend/src/controllers/admin.controller.js": {"path":"/Users/apple/Desktop/PROJECT-1/backend/src/controllers/admin.controller.js","statementMap":{"0":{"start":{"line":4,"column":24},"end":{"line":4,"column":63}},"1":{"start":{"line":5,"column":21},"end":{"line":5,"column":57}},"2":{"start":{"line":6,"column":23},"end":{"line":6,"column":65}},"3":{"start":{"line":7,"column":31},"end":{"line":7,"column":65}},"4":{"start":{"line":8,"column":28},"end":{"line":8,"column":58}},"5":{"start":{"line":9,"column":43},"end":{"line":9,"column":71}},"6":{"start":{"line":10,"column":44},"end":{"line":10,"column":72}},"7":{"start":{"line":12,"column":21},"end":{"line":24,"column":1}},"8":{"start":{"line":13,"column":4},"end":{"line":23,"column":5}},"9":{"start":{"line":14,"column":26},"end":{"line":14,"column":62}},"10":{"start":{"line":15,"column":27},"end":{"line":15,"column":58}},"11":{"start":{"line":17,"column":8},"end":{"line":20,"column":11}},"12":{"start":{"line":22,"column":8},"end":{"line":22,"column":20}},"13":{"start":{"line":26,"column":17},"end":{"line":51,"column":1}},"14":{"start":{"line":27,"column":4},"end":{"line":50,"column":5}},"15":{"start":{"line":28,"column":27},"end":{"line":28,"column":94}},"16":{"start":{"line":29,"column":22},"end":{"line":29,"column":62}},"17":{"start":{"line":30,"column":22},"end":{"line":30,"column":53}},"18":{"start":{"line":32,"column":8},"end":{"line":47,"column":11}},"19":{"start":{"line":32,"column":48},"end":{"line":43,"column":9}},"20":{"start":{"line":49,"column":8},"end":{"line":49,"column":20}},"21":{"start":{"line":53,"column":19},"end":{"line":90,"column":1}},"22":{"start":{"line":54,"column":4},"end":{"line":89,"column":5}},"23":{"start":{"line":55,"column":21},"end":{"line":55,"column":69}},"24":{"start":{"line":56,"column":8},"end":{"line":56,"column":51}},"25":{"start":{"line":56,"column":19},"end":{"line":56,"column":51}},"26":{"start":{"line":58,"column":35},"end":{"line":58,"column":43}},"27":{"start":{"line":60,"column":8},"end":{"line":65,"column":9}},"28":{"start":{"line":61,"column":12},"end":{"line":63,"column":13}},"29":{"start":{"line":62,"column":16},"end":{"line":62,"column":106}},"30":{"start":{"line":64,"column":12},"end":{"line":64,"column":59}},"31":{"start":{"line":67,"column":8},"end":{"line":73,"column":9}},"32":{"start":{"line":68,"column":12},"end":{"line":68,"column":104}},"33":{"start":{"line":69,"column":12},"end":{"line":69,"column":105}},"34":{"start":{"line":70,"column":15},"end":{"line":73,"column":9}},"35":{"start":{"line":71,"column":12},"end":{"line":71,"column":56}},"36":{"start":{"line":72,"column":12},"end":{"line":72,"column":107}},"37":{"start":{"line":75,"column":24},"end":{"line":75,"column":72}},"38":{"start":{"line":77,"column":8},"end":{"line":77,"column":114}},"39":{"start":{"line":79,"column":8},"end":{"line":86,"column":11}},"40":{"start":{"line":88,"column":8},"end":{"line":88,"column":20}},"41":{"start":{"line":92,"column":21},"end":{"line":112,"column":1}},"42":{"start":{"line":93,"column":4},"end":{"line":111,"column":5}},"43":{"start":{"line":94,"column":27},"end":{"line":94,"column":69}},"44":{"start":{"line":95,"column":24},"end":{"line":100,"column":9}},"45":{"start":{"line":102,"column":23},"end":{"line":102,"column":69}},"46":{"start":{"line":104,"column":8},"end":{"line":108,"column":11}},"47":{"start":{"line":110,"column":8},"end":{"line":110,"column":20}},"48":{"start":{"line":114,"column":0},"end":{"line":114,"column":70}}},"fnMap":{"0":{"name":"(anonymous_0)","decl":{"start":{"line":12,"column":21},"end":{"line":12,"column":22}},"loc":{"start":{"line":12,"column":47},"end":{"line":24,"column":1}},"line":12},"1":{"name":"(anonymous_1)","decl":{"start":{"line":26,"column":17},"end":{"line":26,"column":18}},"loc":{"start":{"line":26,"column":43},"end":{"line":51,"column":1}},"line":26},"2":{"name":"(anonymous_2)","decl":{"start":{"line":32,"column":40},"end":{"line":32,"column":41}},"loc":{"start":{"line":32,"column":48},"end":{"line":43,"column":9}},"line":32},"3":{"name":"(anonymous_3)","decl":{"start":{"line":53,"column":19},"end":{"line":53,"column":20}},"loc":{"start":{"line":53,"column":45},"end":{"line":90,"column":1}},"line":53},"4":{"name":"(anonymous_4)","decl":{"start":{"line":92,"column":21},"end":{"line":92,"column":22}},"loc":{"start":{"line":92,"column":47},"end":{"line":112,"column":1}},"line":92}},"branchMap":{"0":{"loc":{"start":{"line":56,"column":8},"end":{"line":56,"column":51}},"type":"if","locations":[{"start":{"line":56,"column":8},"end":{"line":56,"column":51}},{"start":{},"end":{}}],"line":56},"1":{"loc":{"start":{"line":60,"column":8},"end":{"line":65,"column":9}},"type":"if","locations":[{"start":{"line":60,"column":8},"end":{"line":65,"column":9}},{"start":{},"end":{}}],"line":60},"2":{"loc":{"start":{"line":61,"column":12},"end":{"line":63,"column":13}},"type":"if","locations":[{"start":{"line":61,"column":12},"end":{"line":63,"column":13}},{"start":{},"end":{}}],"line":61},"3":{"loc":{"start":{"line":67,"column":8},"end":{"line":73,"column":9}},"type":"if","locations":[{"start":{"line":67,"column":8},"end":{"line":73,"column":9}},{"start":{"line":70,"column":15},"end":{"line":73,"column":9}}],"line":67},"4":{"loc":{"start":{"line":70,"column":15},"end":{"line":73,"column":9}},"type":"if","locations":[{"start":{"line":70,"column":15},"end":{"line":73,"column":9}},{"start":{},"end":{}}],"line":70}},"s":{"0":1,"1":1,"2":1,"3":1,"4":1,"5":1,"6":1,"7":1,"8":0,"9":0,"10":0,"11":0,"12":0,"13":1,"14":0,"15":0,"16":0,"17":0,"18":0,"19":0,"20":0,"21":1,"22":0,"23":0,"24":0,"25":0,"26":0,"27":0,"28":0,"29":0,"30":0,"31":0,"32":0,"33":0,"34":0,"35":0,"36":0,"37":0,"38":0,"39":0,"40":0,"41":1,"42":0,"43":0,"44":0,"45":0,"46":0,"47":0,"48":1},"f":{"0":0,"1":0,"2":0,"3":0,"4":0},"b":{"0":[0,0],"1":[0,0],"2":[0,0],"3":[0,0],"4":[0,0]},"_coverageSchema":"1a1c01bbd47fc00a2c39e90264f33305004495a9","hash":"e4fad00a7b5b418ca5f7c9afbf0d7c0a9cc6323c"}
,"/Users/apple/Desktop/PROJECT-1/backend/src/controllers/auth.controller.js": {"path":"/Users/apple/Desktop/PROJECT-1/backend/src/controllers/auth.controller.js","statementMap":{"0":{"start":{"line":5,"column":20},"end":{"line":5,"column":55}},"1":{"start":{"line":6,"column":21},"end":{"line":6,"column":57}},"2":{"start":{"line":7,"column":29},"end":{"line":7,"column":63}},"3":{"start":{"line":8,"column":26},"end":{"line":8,"column":54}},"4":{"start":{"line":9,"column":15},"end":{"line":9,"column":47}},"5":{"start":{"line":11,"column":17},"end":{"line":35,"column":1}},"6":{"start":{"line":12,"column":4},"end":{"line":34,"column":5}},"7":{"start":{"line":13,"column":23},"end":{"line":13,"column":59}},"8":{"start":{"line":15,"column":8},"end":{"line":18,"column":11}},"9":{"start":{"line":20,"column":25},"end":{"line":24,"column":9}},"10":{"start":{"line":27,"column":8},"end":{"line":29,"column":9}},"11":{"start":{"line":28,"column":12},"end":{"line":28,"column":66}},"12":{"start":{"line":31,"column":8},"end":{"line":31,"column":38}},"13":{"start":{"line":33,"column":8},"end":{"line":33,"column":20}},"14":{"start":{"line":37,"column":14},"end":{"line":53,"column":1}},"15":{"start":{"line":38,"column":4},"end":{"line":52,"column":5}},"16":{"start":{"line":39,"column":23},"end":{"line":39,"column":81}},"17":{"start":{"line":41,"column":8},"end":{"line":43,"column":11}},"18":{"start":{"line":45,"column":8},"end":{"line":49,"column":11}},"19":{"start":{"line":51,"column":8},"end":{"line":51,"column":20}},"20":{"start":{"line":55,"column":21},"end":{"line":62,"column":1}},"21":{"start":{"line":56,"column":4},"end":{"line":61,"column":5}},"22":{"start":{"line":57,"column":23},"end":{"line":57,"column":83}},"23":{"start":{"line":58,"column":8},"end":{"line":58,"column":36}},"24":{"start":{"line":60,"column":8},"end":{"line":60,"column":20}},"25":{"start":{"line":64,"column":15},"end":{"line":74,"column":1}},"26":{"start":{"line":65,"column":4},"end":{"line":73,"column":5}},"27":{"start":{"line":66,"column":8},"end":{"line":66,"column":56}},"28":{"start":{"line":68,"column":8},"end":{"line":68,"column":77}},"29":{"start":{"line":70,"column":8},"end":{"line":70,"column":68}},"30":{"start":{"line":72,"column":8},"end":{"line":72,"column":20}},"31":{"start":{"line":76,"column":14},"end":{"line":83,"column":1}},"32":{"start":{"line":77,"column":4},"end":{"line":82,"column":5}},"33":{"start":{"line":78,"column":21},"end":{"line":78,"column":62}},"34":{"start":{"line":79,"column":8},"end":{"line":79,"column":34}},"35":{"start":{"line":81,"column":8},"end":{"line":81,"column":20}},"36":{"start":{"line":85,"column":22},"end":{"line":96,"column":1}},"37":{"start":{"line":86,"column":4},"end":{"line":95,"column":5}},"38":{"start":{"line":87,"column":24},"end":{"line":87,"column":65}},"39":{"start":{"line":88,"column":24},"end":{"line":88,"column":78}},"40":{"start":{"line":90,"column":8},"end":{"line":90,"column":91}},"41":{"start":{"line":92,"column":8},"end":{"line":92,"column":37}},"42":{"start":{"line":94,"column":8},"end":{"line":94,"column":20}},"43":{"start":{"line":98,"column":23},"end":{"line":116,"column":1}},"44":{"start":{"line":99,"column":4},"end":{"line":115,"column":5}},"45":{"start":{"line":100,"column":23},"end":{"line":100,"column":77}},"46":{"start":{"line":102,"column":8},"end":{"line":104,"column":11}},"47":{"start":{"line":106,"column":25},"end":{"line":106,"column":52}},"48":{"start":{"line":108,"column":8},"end":{"line":110,"column":9}},"49":{"start":{"line":109,"column":12},"end":{"line":109,"column":52}},"50":{"start":{"line":112,"column":8},"end":{"line":112,"column":38}},"51":{"start":{"line":114,"column":8},"end":{"line":114,"column":20}},"52":{"start":{"line":118,"column":22},"end":{"line":128,"column":1}},"53":{"start":{"line":119,"column":4},"end":{"line":127,"column":5}},"54":{"start":{"line":120,"column":23},"end":{"line":120,"column":89}},"55":{"start":{"line":122,"column":8},"end":{"line":122,"column":90}},"56":{"start":{"line":124,"column":8},"end":{"line":124,"column":36}},"57":{"start":{"line":126,"column":8},"end":{"line":126,"column":20}},"58":{"start":{"line":130,"column":20},"end":{"line":137,"column":1}},"59":{"start":{"line":131,"column":4},"end":{"line":136,"column":5}},"60":{"start":{"line":132,"column":23},"end":{"line":132,"column":70}},"61":{"start":{"line":133,"column":8},"end":{"line":133,"column":36}},"62":{"start":{"line":135,"column":8},"end":{"line":135,"column":20}},"63":{"start":{"line":139,"column":0},"end":{"line":149,"column":2}}},"fnMap":{"0":{"name":"(anonymous_0)","decl":{"start":{"line":11,"column":17},"end":{"line":11,"column":18}},"loc":{"start":{"line":11,"column":43},"end":{"line":35,"column":1}},"line":11},"1":{"name":"(anonymous_1)","decl":{"start":{"line":37,"column":14},"end":{"line":37,"column":15}},"loc":{"start":{"line":37,"column":40},"end":{"line":53,"column":1}},"line":37},"2":{"name":"(anonymous_2)","decl":{"start":{"line":55,"column":21},"end":{"line":55,"column":22}},"loc":{"start":{"line":55,"column":47},"end":{"line":62,"column":1}},"line":55},"3":{"name":"(anonymous_3)","decl":{"start":{"line":64,"column":15},"end":{"line":64,"column":16}},"loc":{"start":{"line":64,"column":41},"end":{"line":74,"column":1}},"line":64},"4":{"name":"(anonymous_4)","decl":{"start":{"line":76,"column":14},"end":{"line":76,"column":15}},"loc":{"start":{"line":76,"column":40},"end":{"line":83,"column":1}},"line":76},"5":{"name":"(anonymous_5)","decl":{"start":{"line":85,"column":22},"end":{"line":85,"column":23}},"loc":{"start":{"line":85,"column":48},"end":{"line":96,"column":1}},"line":85},"6":{"name":"(anonymous_6)","decl":{"start":{"line":98,"column":23},"end":{"line":98,"column":24}},"loc":{"start":{"line":98,"column":49},"end":{"line":116,"column":1}},"line":98},"7":{"name":"(anonymous_7)","decl":{"start":{"line":118,"column":22},"end":{"line":118,"column":23}},"loc":{"start":{"line":118,"column":48},"end":{"line":128,"column":1}},"line":118},"8":{"name":"(anonymous_8)","decl":{"start":{"line":130,"column":20},"end":{"line":130,"column":21}},"loc":{"start":{"line":130,"column":46},"end":{"line":137,"column":1}},"line":130}},"branchMap":{"0":{"loc":{"start":{"line":27,"column":8},"end":{"line":29,"column":9}},"type":"if","locations":[{"start":{"line":27,"column":8},"end":{"line":29,"column":9}},{"start":{},"end":{}}],"line":27},"1":{"loc":{"start":{"line":108,"column":8},"end":{"line":110,"column":9}},"type":"if","locations":[{"start":{"line":108,"column":8},"end":{"line":110,"column":9}},{"start":{},"end":{}}],"line":108},"2":{"loc":{"start":{"line":108,"column":12},"end":{"line":108,"column":55}},"type":"binary-expr","locations":[{"start":{"line":108,"column":12},"end":{"line":108,"column":34}},{"start":{"line":108,"column":38},"end":{"line":108,"column":55}}],"line":108}},"s":{"0":1,"1":1,"2":1,"3":1,"4":1,"5":1,"6":0,"7":0,"8":0,"9":0,"10":0,"11":0,"12":0,"13":0,"14":1,"15":0,"16":0,"17":0,"18":0,"19":0,"20":1,"21":0,"22":0,"23":0,"24":0,"25":1,"26":0,"27":0,"28":0,"29":0,"30":0,"31":1,"32":0,"33":0,"34":0,"35":0,"36":1,"37":0,"38":0,"39":0,"40":0,"41":0,"42":0,"43":1,"44":0,"45":0,"46":0,"47":0,"48":0,"49":0,"50":0,"51":0,"52":1,"53":0,"54":0,"55":0,"56":0,"57":0,"58":1,"59":0,"60":0,"61":0,"62":0,"63":1},"f":{"0":0,"1":0,"2":0,"3":0,"4":0,"5":0,"6":0,"7":0,"8":0},"b":{"0":[0,0],"1":[0,0],"2":[0,0]},"_coverageSchema":"1a1c01bbd47fc00a2c39e90264f33305004495a9","hash":"01092cd52c1a4029a3220a7f6e1c820abc215741"}
,"/Users/apple/Desktop/PROJECT-1/backend/src/controllers/contact.controller.js": {"path":"/Users/apple/Desktop/PROJECT-1/backend/src/controllers/contact.controller.js","statementMap":{"0":{"start":{"line":4,"column":23},"end":{"line":4,"column":61}},"1":{"start":{"line":5,"column":40},"end":{"line":5,"column":74}},"2":{"start":{"line":6,"column":28},"end":{"line":6,"column":58}},"3":{"start":{"line":7,"column":26},"end":{"line":7,"column":54}},"4":{"start":{"line":9,"column":22},"end":{"line":26,"column":1}},"5":{"start":{"line":10,"column":4},"end":{"line":25,"column":5}},"6":{"start":{"line":11,"column":24},"end":{"line":11,"column":61}},"7":{"start":{"line":13,"column":8},"end":{"line":17,"column":9}},"8":{"start":{"line":14,"column":12},"end":{"line":16,"column":15}},"9":{"start":{"line":19,"column":8},"end":{"line":22,"column":11}},"10":{"start":{"line":24,"column":8},"end":{"line":24,"column":20}},"11":{"start":{"line":28,"column":20},"end":{"line":45,"column":1}},"12":{"start":{"line":29,"column":4},"end":{"line":44,"column":5}},"13":{"start":{"line":30,"column":27},"end":{"line":30,"column":69}},"14":{"start":{"line":31,"column":24},"end":{"line":31,"column":26}},"15":{"start":{"line":32,"column":8},"end":{"line":34,"column":9}},"16":{"start":{"line":33,"column":12},"end":{"line":33,"column":57}},"17":{"start":{"line":35,"column":23},"end":{"line":35,"column":71}},"18":{"start":{"line":37,"column":8},"end":{"line":41,"column":11}},"19":{"start":{"line":43,"column":8},"end":{"line":43,"column":20}},"20":{"start":{"line":47,"column":24},"end":{"line":59,"column":1}},"21":{"start":{"line":48,"column":4},"end":{"line":58,"column":5}},"22":{"start":{"line":49,"column":23},"end":{"line":49,"column":69}},"23":{"start":{"line":51,"column":8},"end":{"line":53,"column":11}},"24":{"start":{"line":55,"column":8},"end":{"line":55,"column":36}},"25":{"start":{"line":57,"column":8},"end":{"line":57,"column":20}},"26":{"start":{"line":61,"column":0},"end":{"line":61,"column":65}}},"fnMap":{"0":{"name":"(anonymous_0)","decl":{"start":{"line":9,"column":22},"end":{"line":9,"column":23}},"loc":{"start":{"line":9,"column":48},"end":{"line":26,"column":1}},"line":9},"1":{"name":"(anonymous_1)","decl":{"start":{"line":28,"column":20},"end":{"line":28,"column":21}},"loc":{"start":{"line":28,"column":46},"end":{"line":45,"column":1}},"line":28},"2":{"name":"(anonymous_2)","decl":{"start":{"line":47,"column":24},"end":{"line":47,"column":25}},"loc":{"start":{"line":47,"column":50},"end":{"line":59,"column":1}},"line":47}},"branchMap":{"0":{"loc":{"start":{"line":13,"column":8},"end":{"line":17,"column":9}},"type":"if","locations":[{"start":{"line":13,"column":8},"end":{"line":17,"column":9}},{"start":{},"end":{}}],"line":13},"1":{"loc":{"start":{"line":32,"column":8},"end":{"line":34,"column":9}},"type":"if","locations":[{"start":{"line":32,"column":8},"end":{"line":34,"column":9}},{"start":{},"end":{}}],"line":32}},"s":{"0":1,"1":1,"2":1,"3":1,"4":1,"5":0,"6":0,"7":0,"8":0,"9":0,"10":0,"11":1,"12":0,"13":0,"14":0,"15":0,"16":0,"17":0,"18":0,"19":0,"20":1,"21":0,"22":0,"23":0,"24":0,"25":0,"26":1},"f":{"0":0,"1":0,"2":0},"b":{"0":[0,0],"1":[0,0]},"_coverageSchema":"1a1c01bbd47fc00a2c39e90264f33305004495a9","hash":"679c91b16ce58cd1eecda1deb996b6d1521dfc16"}
,"/Users/apple/Desktop/PROJECT-1/backend/src/controllers/quote.controller.js": {"path":"/Users/apple/Desktop/PROJECT-1/backend/src/controllers/quote.controller.js","statementMap":{"0":{"start":{"line":4,"column":21},"end":{"line":4,"column":57}},"1":{"start":{"line":5,"column":40},"end":{"line":5,"column":74}},"2":{"start":{"line":6,"column":28},"end":{"line":6,"column":58}},"3":{"start":{"line":7,"column":26},"end":{"line":7,"column":54}},"4":{"start":{"line":9,"column":20},"end":{"line":27,"column":1}},"5":{"start":{"line":10,"column":4},"end":{"line":26,"column":5}},"6":{"start":{"line":11,"column":22},"end":{"line":11,"column":57}},"7":{"start":{"line":14,"column":8},"end":{"line":18,"column":9}},"8":{"start":{"line":15,"column":12},"end":{"line":17,"column":15}},"9":{"start":{"line":20,"column":8},"end":{"line":23,"column":11}},"10":{"start":{"line":25,"column":8},"end":{"line":25,"column":20}},"11":{"start":{"line":29,"column":18},"end":{"line":43,"column":1}},"12":{"start":{"line":30,"column":4},"end":{"line":42,"column":5}},"13":{"start":{"line":31,"column":27},"end":{"line":31,"column":79}},"14":{"start":{"line":32,"column":24},"end":{"line":32,"column":52}},"15":{"start":{"line":33,"column":23},"end":{"line":33,"column":69}},"16":{"start":{"line":35,"column":8},"end":{"line":39,"column":11}},"17":{"start":{"line":41,"column":8},"end":{"line":41,"column":20}},"18":{"start":{"line":45,"column":26},"end":{"line":62,"column":1}},"19":{"start":{"line":46,"column":4},"end":{"line":61,"column":5}},"20":{"start":{"line":47,"column":23},"end":{"line":51,"column":9}},"21":{"start":{"line":53,"column":8},"end":{"line":56,"column":11}},"22":{"start":{"line":58,"column":8},"end":{"line":58,"column":36}},"23":{"start":{"line":60,"column":8},"end":{"line":60,"column":20}},"24":{"start":{"line":64,"column":0},"end":{"line":64,"column":63}}},"fnMap":{"0":{"name":"(anonymous_0)","decl":{"start":{"line":9,"column":20},"end":{"line":9,"column":21}},"loc":{"start":{"line":9,"column":46},"end":{"line":27,"column":1}},"line":9},"1":{"name":"(anonymous_1)","decl":{"start":{"line":29,"column":18},"end":{"line":29,"column":19}},"loc":{"start":{"line":29,"column":44},"end":{"line":43,"column":1}},"line":29},"2":{"name":"(anonymous_2)","decl":{"start":{"line":45,"column":26},"end":{"line":45,"column":27}},"loc":{"start":{"line":45,"column":52},"end":{"line":62,"column":1}},"line":45}},"branchMap":{"0":{"loc":{"start":{"line":14,"column":8},"end":{"line":18,"column":9}},"type":"if","locations":[{"start":{"line":14,"column":8},"end":{"line":18,"column":9}},{"start":{},"end":{}}],"line":14}},"s":{"0":1,"1":1,"2":1,"3":1,"4":1,"5":0,"6":0,"7":0,"8":0,"9":0,"10":0,"11":1,"12":0,"13":0,"14":0,"15":0,"16":0,"17":0,"18":1,"19":0,"20":0,"21":0,"22":0,"23":0,"24":1},"f":{"0":0,"1":0,"2":0},"b":{"0":[0,0]},"_coverageSchema":"1a1c01bbd47fc00a2c39e90264f33305004495a9","hash":"57bf0deee1e5ee2c4ee2e6150af40000cd49fb73"}
,"/Users/apple/Desktop/PROJECT-1/backend/src/controllers/shipment.controller.js": {"path":"/Users/apple/Desktop/PROJECT-1/backend/src/controllers/shipment.controller.js","statementMap":{"0":{"start":{"line":4,"column":24},"end":{"line":4,"column":63}},"1":{"start":{"line":5,"column":23},"end":{"line":5,"column":65}},"2":{"start":{"line":6,"column":40},"end":{"line":6,"column":74}},"3":{"start":{"line":7,"column":28},"end":{"line":7,"column":58}},"4":{"start":{"line":8,"column":26},"end":{"line":8,"column":54}},"5":{"start":{"line":9,"column":26},"end":{"line":9,"column":54}},"6":{"start":{"line":11,"column":23},"end":{"line":38,"column":1}},"7":{"start":{"line":12,"column":4},"end":{"line":37,"column":5}},"8":{"start":{"line":13,"column":21},"end":{"line":13,"column":32}},"9":{"start":{"line":16,"column":8},"end":{"line":20,"column":9}},"10":{"start":{"line":17,"column":31},"end":{"line":17,"column":83}},"11":{"start":{"line":18,"column":12},"end":{"line":18,"column":81}},"12":{"start":{"line":18,"column":29},"end":{"line":18,"column":81}},"13":{"start":{"line":19,"column":12},"end":{"line":19,"column":35}},"14":{"start":{"line":22,"column":25},"end":{"line":28,"column":10}},"15":{"start":{"line":30,"column":8},"end":{"line":32,"column":11}},"16":{"start":{"line":34,"column":8},"end":{"line":34,"column":38}},"17":{"start":{"line":36,"column":8},"end":{"line":36,"column":20}},"18":{"start":{"line":40,"column":21},"end":{"line":64,"column":1}},"19":{"start":{"line":41,"column":4},"end":{"line":63,"column":5}},"20":{"start":{"line":42,"column":27},"end":{"line":42,"column":93}},"21":{"start":{"line":43,"column":24},"end":{"line":47,"column":9}},"22":{"start":{"line":50,"column":8},"end":{"line":54,"column":9}},"23":{"start":{"line":51,"column":12},"end":{"line":51,"column":71}},"24":{"start":{"line":53,"column":12},"end":{"line":53,"column":80}},"25":{"start":{"line":56,"column":8},"end":{"line":60,"column":11}},"26":{"start":{"line":62,"column":8},"end":{"line":62,"column":20}},"27":{"start":{"line":66,"column":26},"end":{"line":73,"column":1}},"28":{"start":{"line":67,"column":4},"end":{"line":72,"column":5}},"29":{"start":{"line":68,"column":25},"end":{"line":68,"column":73}},"30":{"start":{"line":69,"column":8},"end":{"line":69,"column":38}},"31":{"start":{"line":71,"column":8},"end":{"line":71,"column":20}},"32":{"start":{"line":75,"column":23},"end":{"line":92,"column":1}},"33":{"start":{"line":76,"column":4},"end":{"line":91,"column":5}},"34":{"start":{"line":77,"column":23},"end":{"line":81,"column":9}},"35":{"start":{"line":83,"column":8},"end":{"line":86,"column":11}},"36":{"start":{"line":88,"column":8},"end":{"line":88,"column":36}},"37":{"start":{"line":90,"column":8},"end":{"line":90,"column":20}},"38":{"start":{"line":94,"column":23},"end":{"line":106,"column":1}},"39":{"start":{"line":95,"column":4},"end":{"line":105,"column":5}},"40":{"start":{"line":96,"column":23},"end":{"line":96,"column":72}},"41":{"start":{"line":98,"column":8},"end":{"line":100,"column":11}},"42":{"start":{"line":102,"column":8},"end":{"line":102,"column":36}},"43":{"start":{"line":104,"column":8},"end":{"line":104,"column":20}},"44":{"start":{"line":108,"column":0},"end":{"line":108,"column":101}}},"fnMap":{"0":{"name":"(anonymous_0)","decl":{"start":{"line":11,"column":23},"end":{"line":11,"column":24}},"loc":{"start":{"line":11,"column":49},"end":{"line":38,"column":1}},"line":11},"1":{"name":"(anonymous_1)","decl":{"start":{"line":40,"column":21},"end":{"line":40,"column":22}},"loc":{"start":{"line":40,"column":47},"end":{"line":64,"column":1}},"line":40},"2":{"name":"(anonymous_2)","decl":{"start":{"line":66,"column":26},"end":{"line":66,"column":27}},"loc":{"start":{"line":66,"column":52},"end":{"line":73,"column":1}},"line":66},"3":{"name":"(anonymous_3)","decl":{"start":{"line":75,"column":23},"end":{"line":75,"column":24}},"loc":{"start":{"line":75,"column":49},"end":{"line":92,"column":1}},"line":75},"4":{"name":"(anonymous_4)","decl":{"start":{"line":94,"column":23},"end":{"line":94,"column":24}},"loc":{"start":{"line":94,"column":49},"end":{"line":106,"column":1}},"line":94}},"branchMap":{"0":{"loc":{"start":{"line":16,"column":8},"end":{"line":20,"column":9}},"type":"if","locations":[{"start":{"line":16,"column":8},"end":{"line":20,"column":9}},{"start":{},"end":{}}],"line":16},"1":{"loc":{"start":{"line":16,"column":12},"end":{"line":16,"column":90}},"type":"binary-expr","locations":[{"start":{"line":16,"column":12},"end":{"line":16,"column":30}},{"start":{"line":16,"column":35},"end":{"line":16,"column":60}},{"start":{"line":16,"column":64},"end":{"line":16,"column":89}}],"line":16},"2":{"loc":{"start":{"line":18,"column":12},"end":{"line":18,"column":81}},"type":"if","locations":[{"start":{"line":18,"column":12},"end":{"line":18,"column":81}},{"start":{},"end":{}}],"line":18},"3":{"loc":{"start":{"line":50,"column":8},"end":{"line":54,"column":9}},"type":"if","locations":[{"start":{"line":50,"column":8},"end":{"line":54,"column":9}},{"start":{"line":52,"column":15},"end":{"line":54,"column":9}}],"line":50},"4":{"loc":{"start":{"line":50,"column":12},"end":{"line":50,"column":66}},"type":"binary-expr","locations":[{"start":{"line":50,"column":12},"end":{"line":50,"column":37}},{"start":{"line":50,"column":41},"end":{"line":50,"column":66}}],"line":50}},"s":{"0":1,"1":1,"2":1,"3":1,"4":1,"5":1,"6":1,"7":0,"8":0,"9":0,"10":0,"11":0,"12":0,"13":0,"14":0,"15":0,"16":0,"17":0,"18":1,"19":0,"20":0,"21":0,"22":0,"23":0,"24":0,"25":0,"26":0,"27":1,"28":0,"29":0,"30":0,"31":0,"32":1,"33":0,"34":0,"35":0,"36":0,"37":0,"38":1,"39":0,"40":0,"41":0,"42":0,"43":0,"44":1},"f":{"0":0,"1":0,"2":0,"3":0,"4":0},"b":{"0":[0,0],"1":[0,0,0],"2":[0,0],"3":[0,0],"4":[0,0]},"_coverageSchema":"1a1c01bbd47fc00a2c39e90264f33305004495a9","hash":"f83d542618eac1c09ec505460ed8f74f644b578d"}
,"/Users/apple/Desktop/PROJECT-1/backend/src/controllers/tracking.controller.js": {"path":"/Users/apple/Desktop/PROJECT-1/backend/src/controllers/tracking.controller.js","statementMap":{"0":{"start":{"line":4,"column":24},"end":{"line":4,"column":63}},"1":{"start":{"line":5,"column":29},"end":{"line":5,"column":63}},"2":{"start":{"line":6,"column":26},"end":{"line":6,"column":54}},"3":{"start":{"line":8,"column":20},"end":{"line":15,"column":1}},"4":{"start":{"line":9,"column":4},"end":{"line":14,"column":5}},"5":{"start":{"line":10,"column":21},"end":{"line":10,"column":80}},"6":{"start":{"line":11,"column":8},"end":{"line":11,"column":34}},"7":{"start":{"line":13,"column":8},"end":{"line":13,"column":20}},"8":{"start":{"line":17,"column":25},"end":{"line":33,"column":1}},"9":{"start":{"line":18,"column":4},"end":{"line":32,"column":5}},"10":{"start":{"line":19,"column":22},"end":{"line":22,"column":10}},"11":{"start":{"line":24,"column":8},"end":{"line":27,"column":11}},"12":{"start":{"line":29,"column":8},"end":{"line":29,"column":35}},"13":{"start":{"line":31,"column":8},"end":{"line":31,"column":20}},"14":{"start":{"line":35,"column":0},"end":{"line":35,"column":51}}},"fnMap":{"0":{"name":"(anonymous_0)","decl":{"start":{"line":8,"column":20},"end":{"line":8,"column":21}},"loc":{"start":{"line":8,"column":46},"end":{"line":15,"column":1}},"line":8},"1":{"name":"(anonymous_1)","decl":{"start":{"line":17,"column":25},"end":{"line":17,"column":26}},"loc":{"start":{"line":17,"column":51},"end":{"line":33,"column":1}},"line":17}},"branchMap":{},"s":{"0":1,"1":1,"2":1,"3":1,"4":0,"5":0,"6":0,"7":0,"8":1,"9":0,"10":0,"11":0,"12":0,"13":0,"14":1},"f":{"0":0,"1":0},"b":{},"_coverageSchema":"1a1c01bbd47fc00a2c39e90264f33305004495a9","hash":"63a2046802cea892d6560de634e5fccb45e9b8f5"}
,"/Users/apple/Desktop/PROJECT-1/backend/src/middlewares/accessLogger.js": {"path":"/Users/apple/Desktop/PROJECT-1/backend/src/middlewares/accessLogger.js","statementMap":{"0":{"start":{"line":4,"column":15},"end":{"line":4,"column":42}},"1":{"start":{"line":6,"column":21},"end":{"line":34,"column":1}},"2":{"start":{"line":7,"column":18},"end":{"line":7,"column":28}},"3":{"start":{"line":10,"column":4},"end":{"line":31,"column":7}},"4":{"start":{"line":11,"column":25},"end":{"line":11,"column":43}},"5":{"start":{"line":12,"column":24},"end":{"line":22,"column":9}},"6":{"start":{"line":24,"column":8},"end":{"line":30,"column":9}},"7":{"start":{"line":25,"column":12},"end":{"line":25,"column":73}},"8":{"start":{"line":26,"column":15},"end":{"line":30,"column":9}},"9":{"start":{"line":27,"column":12},"end":{"line":27,"column":72}},"10":{"start":{"line":29,"column":12},"end":{"line":29,"column":54}},"11":{"start":{"line":33,"column":4},"end":{"line":33,"column":11}},"12":{"start":{"line":36,"column":0},"end":{"line":36,"column":30}}},"fnMap":{"0":{"name":"(anonymous_0)","decl":{"start":{"line":6,"column":21},"end":{"line":6,"column":22}},"loc":{"start":{"line":6,"column":41},"end":{"line":34,"column":1}},"line":6},"1":{"name":"(anonymous_1)","decl":{"start":{"line":10,"column":21},"end":{"line":10,"column":22}},"loc":{"start":{"line":10,"column":27},"end":{"line":31,"column":5}},"line":10}},"branchMap":{"0":{"loc":{"start":{"line":18,"column":16},"end":{"line":18,"column":54}},"type":"binary-expr","locations":[{"start":{"line":18,"column":16},"end":{"line":18,"column":22}},{"start":{"line":18,"column":26},"end":{"line":18,"column":54}}],"line":18},"1":{"loc":{"start":{"line":20,"column":20},"end":{"line":20,"column":49}},"type":"cond-expr","locations":[{"start":{"line":20,"column":31},"end":{"line":20,"column":42}},{"start":{"line":20,"column":45},"end":{"line":20,"column":49}}],"line":20},"2":{"loc":{"start":{"line":21,"column":27},"end":{"line":21,"column":57}},"type":"binary-expr","locations":[{"start":{"line":21,"column":27},"end":{"line":21,"column":52}},{"start":{"line":21,"column":56},"end":{"line":21,"column":57}}],"line":21},"3":{"loc":{"start":{"line":24,"column":8},"end":{"line":30,"column":9}},"type":"if","locations":[{"start":{"line":24,"column":8},"end":{"line":30,"column":9}},{"start":{"line":26,"column":15},"end":{"line":30,"column":9}}],"line":24},"4":{"loc":{"start":{"line":26,"column":15},"end":{"line":30,"column":9}},"type":"if","locations":[{"start":{"line":26,"column":15},"end":{"line":30,"column":9}},{"start":{"line":28,"column":15},"end":{"line":30,"column":9}}],"line":26}},"s":{"0":1,"1":1,"2":2,"3":2,"4":2,"5":2,"6":2,"7":1,"8":1,"9":0,"10":1,"11":2,"12":1},"f":{"0":2,"1":2},"b":{"0":[2,0],"1":[0,2],"2":[2,0],"3":[1,1],"4":[0,1]},"_coverageSchema":"1a1c01bbd47fc00a2c39e90264f33305004495a9","hash":"88a9dca1981d1d4465529751206cbd73d65fcc0e"}
,"/Users/apple/Desktop/PROJECT-1/backend/src/middlewares/auditLogger.js": {"path":"/Users/apple/Desktop/PROJECT-1/backend/src/middlewares/auditLogger.js","statementMap":{"0":{"start":{"line":4,"column":18},"end":{"line":4,"column":47}},"1":{"start":{"line":5,"column":15},"end":{"line":5,"column":42}},"2":{"start":{"line":19,"column":17},"end":{"line":44,"column":1}},"3":{"start":{"line":20,"column":4},"end":{"line":43,"column":5}},"4":{"start":{"line":21,"column":8},"end":{"line":34,"column":10}},"5":{"start":{"line":37,"column":8},"end":{"line":42,"column":11}},"6":{"start":{"line":49,"column":24},"end":{"line":63,"column":1}},"7":{"start":{"line":50,"column":4},"end":{"line":61,"column":6}},"8":{"start":{"line":51,"column":8},"end":{"line":60,"column":11}},"9":{"start":{"line":62,"column":4},"end":{"line":62,"column":11}},"10":{"start":{"line":65,"column":0},"end":{"line":65,"column":47}}},"fnMap":{"0":{"name":"(anonymous_0)","decl":{"start":{"line":19,"column":17},"end":{"line":19,"column":18}},"loc":{"start":{"line":19,"column":113},"end":{"line":44,"column":1}},"line":19},"1":{"name":"(anonymous_1)","decl":{"start":{"line":49,"column":24},"end":{"line":49,"column":25}},"loc":{"start":{"line":49,"column":44},"end":{"line":63,"column":1}},"line":49},"2":{"name":"(anonymous_2)","decl":{"start":{"line":50,"column":16},"end":{"line":50,"column":17}},"loc":{"start":{"line":50,"column":86},"end":{"line":61,"column":5}},"line":50}},"branchMap":{"0":{"loc":{"start":{"line":25,"column":16},"end":{"line":25,"column":30}},"type":"binary-expr","locations":[{"start":{"line":25,"column":16},"end":{"line":25,"column":22}},{"start":{"line":25,"column":26},"end":{"line":25,"column":30}}],"line":25},"1":{"loc":{"start":{"line":28,"column":16},"end":{"line":28,"column":32}},"type":"binary-expr","locations":[{"start":{"line":28,"column":16},"end":{"line":28,"column":24}},{"start":{"line":28,"column":28},"end":{"line":28,"column":32}}],"line":28},"2":{"loc":{"start":{"line":29,"column":16},"end":{"line":29,"column":60}},"type":"cond-expr","locations":[{"start":{"line":29,"column":28},"end":{"line":29,"column":53}},{"start":{"line":29,"column":56},"end":{"line":29,"column":60}}],"line":29},"3":{"loc":{"start":{"line":30,"column":16},"end":{"line":30,"column":60}},"type":"cond-expr","locations":[{"start":{"line":30,"column":28},"end":{"line":30,"column":53}},{"start":{"line":30,"column":56},"end":{"line":30,"column":60}}],"line":30},"4":{"loc":{"start":{"line":31,"column":16},"end":{"line":31,"column":33}},"type":"binary-expr","locations":[{"start":{"line":31,"column":16},"end":{"line":31,"column":25}},{"start":{"line":31,"column":29},"end":{"line":31,"column":33}}],"line":31},"5":{"loc":{"start":{"line":32,"column":16},"end":{"line":32,"column":33}},"type":"binary-expr","locations":[{"start":{"line":32,"column":16},"end":{"line":32,"column":25}},{"start":{"line":32,"column":29},"end":{"line":32,"column":33}}],"line":32},"6":{"loc":{"start":{"line":50,"column":47},"end":{"line":50,"column":63}},"type":"default-arg","locations":[{"start":{"line":50,"column":59},"end":{"line":50,"column":63}}],"line":50},"7":{"loc":{"start":{"line":50,"column":65},"end":{"line":50,"column":81}},"type":"default-arg","locations":[{"start":{"line":50,"column":77},"end":{"line":50,"column":81}}],"line":50},"8":{"loc":{"start":{"line":52,"column":20},"end":{"line":52,"column":49}},"type":"cond-expr","locations":[{"start":{"line":52,"column":31},"end":{"line":52,"column":42}},{"start":{"line":52,"column":45},"end":{"line":52,"column":49}}],"line":52}},"s":{"0":1,"1":1,"2":1,"3":0,"4":0,"5":0,"6":1,"7":2,"8":0,"9":2,"10":1},"f":{"0":0,"1":2,"2":0},"b":{"0":[0,0],"1":[0,0],"2":[0,0],"3":[0,0],"4":[0,0],"5":[0,0],"6":[0],"7":[0],"8":[0,0]},"_coverageSchema":"1a1c01bbd47fc00a2c39e90264f33305004495a9","hash":"00754a683942386bf02d3b04bf4dfa9244b19dc5"}
,"/Users/apple/Desktop/PROJECT-1/backend/src/middlewares/authenticate.js": {"path":"/Users/apple/Desktop/PROJECT-1/backend/src/middlewares/authenticate.js","statementMap":{"0":{"start":{"line":5,"column":12},"end":{"line":5,"column":35}},"1":{"start":{"line":6,"column":15},"end":{"line":6,"column":47}},"2":{"start":{"line":7,"column":18},"end":{"line":7,"column":47}},"3":{"start":{"line":8,"column":32},"end":{"line":8,"column":60}},"4":{"start":{"line":14,"column":21},"end":{"line":85,"column":1}},"5":{"start":{"line":15,"column":4},"end":{"line":84,"column":5}},"6":{"start":{"line":16,"column":27},"end":{"line":16,"column":52}},"7":{"start":{"line":18,"column":8},"end":{"line":20,"column":9}},"8":{"start":{"line":19,"column":12},"end":{"line":19,"column":78}},"9":{"start":{"line":22,"column":22},"end":{"line":22,"column":46}},"10":{"start":{"line":23,"column":8},"end":{"line":25,"column":9}},"11":{"start":{"line":24,"column":12},"end":{"line":24,"column":78}},"12":{"start":{"line":28,"column":8},"end":{"line":35,"column":9}},"13":{"start":{"line":29,"column":12},"end":{"line":29,"column":59}},"14":{"start":{"line":31,"column":12},"end":{"line":33,"column":13}},"15":{"start":{"line":32,"column":16},"end":{"line":32,"column":67}},"16":{"start":{"line":34,"column":12},"end":{"line":34,"column":74}},"17":{"start":{"line":38,"column":23},"end":{"line":44,"column":9}},"18":{"start":{"line":46,"column":21},"end":{"line":46,"column":35}},"19":{"start":{"line":47,"column":8},"end":{"line":49,"column":9}},"20":{"start":{"line":48,"column":12},"end":{"line":48,"column":92}},"21":{"start":{"line":52,"column":8},"end":{"line":62,"column":9}},"22":{"start":{"line":53,"column":12},"end":{"line":55,"column":13}},"23":{"start":{"line":54,"column":16},"end":{"line":54,"column":79}},"24":{"start":{"line":57,"column":12},"end":{"line":60,"column":14}},"25":{"start":{"line":61,"column":12},"end":{"line":61,"column":35}},"26":{"start":{"line":65,"column":8},"end":{"line":76,"column":10}},"27":{"start":{"line":78,"column":8},"end":{"line":78,"column":15}},"28":{"start":{"line":80,"column":8},"end":{"line":82,"column":9}},"29":{"start":{"line":81,"column":12},"end":{"line":81,"column":31}},"30":{"start":{"line":83,"column":8},"end":{"line":83,"column":63}},"31":{"start":{"line":90,"column":21},"end":{"line":96,"column":1}},"32":{"start":{"line":91,"column":23},"end":{"line":91,"column":48}},"33":{"start":{"line":92,"column":4},"end":{"line":94,"column":5}},"34":{"start":{"line":93,"column":8},"end":{"line":93,"column":22}},"35":{"start":{"line":95,"column":4},"end":{"line":95,"column":40}},"36":{"start":{"line":98,"column":0},"end":{"line":98,"column":48}}},"fnMap":{"0":{"name":"(anonymous_0)","decl":{"start":{"line":14,"column":21},"end":{"line":14,"column":22}},"loc":{"start":{"line":14,"column":47},"end":{"line":85,"column":1}},"line":14},"1":{"name":"(anonymous_1)","decl":{"start":{"line":90,"column":21},"end":{"line":90,"column":22}},"loc":{"start":{"line":90,"column":47},"end":{"line":96,"column":1}},"line":90}},"branchMap":{"0":{"loc":{"start":{"line":18,"column":8},"end":{"line":20,"column":9}},"type":"if","locations":[{"start":{"line":18,"column":8},"end":{"line":20,"column":9}},{"start":{},"end":{}}],"line":18},"1":{"loc":{"start":{"line":18,"column":12},"end":{"line":18,"column":60}},"type":"binary-expr","locations":[{"start":{"line":18,"column":12},"end":{"line":18,"column":23}},{"start":{"line":18,"column":27},"end":{"line":18,"column":60}}],"line":18},"2":{"loc":{"start":{"line":23,"column":8},"end":{"line":25,"column":9}},"type":"if","locations":[{"start":{"line":23,"column":8},"end":{"line":25,"column":9}},{"start":{},"end":{}}],"line":23},"3":{"loc":{"start":{"line":31,"column":12},"end":{"line":33,"column":13}},"type":"if","locations":[{"start":{"line":31,"column":12},"end":{"line":33,"column":13}},{"start":{},"end":{}}],"line":31},"4":{"loc":{"start":{"line":47,"column":8},"end":{"line":49,"column":9}},"type":"if","locations":[{"start":{"line":47,"column":8},"end":{"line":49,"column":9}},{"start":{},"end":{}}],"line":47},"5":{"loc":{"start":{"line":52,"column":8},"end":{"line":62,"column":9}},"type":"if","locations":[{"start":{"line":52,"column":8},"end":{"line":62,"column":9}},{"start":{},"end":{}}],"line":52},"6":{"loc":{"start":{"line":53,"column":12},"end":{"line":55,"column":13}},"type":"if","locations":[{"start":{"line":53,"column":12},"end":{"line":55,"column":13}},{"start":{},"end":{}}],"line":53},"7":{"loc":{"start":{"line":53,"column":16},"end":{"line":53,"column":73}},"type":"binary-expr","locations":[{"start":{"line":53,"column":16},"end":{"line":53,"column":31}},{"start":{"line":53,"column":35},"end":{"line":53,"column":73}}],"line":53},"8":{"loc":{"start":{"line":80,"column":8},"end":{"line":82,"column":9}},"type":"if","locations":[{"start":{"line":80,"column":8},"end":{"line":82,"column":9}},{"start":{},"end":{}}],"line":80},"9":{"loc":{"start":{"line":92,"column":4},"end":{"line":94,"column":5}},"type":"if","locations":[{"start":{"line":92,"column":4},"end":{"line":94,"column":5}},{"start":{},"end":{}}],"line":92},"10":{"loc":{"start":{"line":92,"column":8},"end":{"line":92,"column":56}},"type":"binary-expr","locations":[{"start":{"line":92,"column":8},"end":{"line":92,"column":19}},{"start":{"line":92,"column":23},"end":{"line":92,"column":56}}],"line":92}},"s":{"0":1,"1":1,"2":1,"3":1,"4":1,"5":0,"6":0,"7":0,"8":0,"9":0,"10":0,"11":0,"12":0,"13":0,"14":0,"15":0,"16":0,"17":0,"18":0,"19":0,"20":0,"21":0,"22":0,"23":0,"24":0,"25":0,"26":0,"27":0,"28":0,"29":0,"30":0,"31":1,"32":0,"33":0,"34":0,"35":0,"36":1},"f":{"0":0,"1":0},"b":{"0":[0,0],"1":[0,0],"2":[0,0],"3":[0,0],"4":[0,0],"5":[0,0],"6":[0,0],"7":[0,0],"8":[0,0],"9":[0,0],"10":[0,0]},"_coverageSchema":"1a1c01bbd47fc00a2c39e90264f33305004495a9","hash":"204cfd96fb6584a47ff39e29475cbf57fb7e703a"}
,"/Users/apple/Desktop/PROJECT-1/backend/src/middlewares/authorize.js": {"path":"/Users/apple/Desktop/PROJECT-1/backend/src/middlewares/authorize.js","statementMap":{"0":{"start":{"line":4,"column":31},"end":{"line":4,"column":59}},"1":{"start":{"line":5,"column":27},"end":{"line":5,"column":55}},"2":{"start":{"line":15,"column":18},"end":{"line":31,"column":1}},"3":{"start":{"line":16,"column":4},"end":{"line":30,"column":6}},"4":{"start":{"line":17,"column":8},"end":{"line":19,"column":9}},"5":{"start":{"line":18,"column":12},"end":{"line":18,"column":75}},"6":{"start":{"line":21,"column":8},"end":{"line":27,"column":9}},"7":{"start":{"line":22,"column":12},"end":{"line":26,"column":14}},"8":{"start":{"line":29,"column":8},"end":{"line":29,"column":15}},"9":{"start":{"line":39,"column":25},"end":{"line":58,"column":1}},"10":{"start":{"line":40,"column":4},"end":{"line":57,"column":6}},"11":{"start":{"line":41,"column":8},"end":{"line":43,"column":9}},"12":{"start":{"line":42,"column":12},"end":{"line":42,"column":75}},"13":{"start":{"line":45,"column":26},"end":{"line":45,"column":61}},"14":{"start":{"line":46,"column":25},"end":{"line":46,"column":55}},"15":{"start":{"line":48,"column":8},"end":{"line":54,"column":9}},"16":{"start":{"line":49,"column":12},"end":{"line":53,"column":14}},"17":{"start":{"line":56,"column":8},"end":{"line":56,"column":15}},"18":{"start":{"line":60,"column":0},"end":{"line":60,"column":49}}},"fnMap":{"0":{"name":"(anonymous_0)","decl":{"start":{"line":15,"column":18},"end":{"line":15,"column":19}},"loc":{"start":{"line":15,"column":32},"end":{"line":31,"column":1}},"line":15},"1":{"name":"(anonymous_1)","decl":{"start":{"line":16,"column":11},"end":{"line":16,"column":12}},"loc":{"start":{"line":16,"column":31},"end":{"line":30,"column":5}},"line":16},"2":{"name":"(anonymous_2)","decl":{"start":{"line":39,"column":25},"end":{"line":39,"column":26}},"loc":{"start":{"line":39,"column":38},"end":{"line":58,"column":1}},"line":39},"3":{"name":"(anonymous_3)","decl":{"start":{"line":40,"column":11},"end":{"line":40,"column":12}},"loc":{"start":{"line":40,"column":31},"end":{"line":57,"column":5}},"line":40}},"branchMap":{"0":{"loc":{"start":{"line":17,"column":8},"end":{"line":19,"column":9}},"type":"if","locations":[{"start":{"line":17,"column":8},"end":{"line":19,"column":9}},{"start":{},"end":{}}],"line":17},"1":{"loc":{"start":{"line":21,"column":8},"end":{"line":27,"column":9}},"type":"if","locations":[{"start":{"line":21,"column":8},"end":{"line":27,"column":9}},{"start":{},"end":{}}],"line":21},"2":{"loc":{"start":{"line":41,"column":8},"end":{"line":43,"column":9}},"type":"if","locations":[{"start":{"line":41,"column":8},"end":{"line":43,"column":9}},{"start":{},"end":{}}],"line":41},"3":{"loc":{"start":{"line":45,"column":26},"end":{"line":45,"column":61}},"type":"binary-expr","locations":[{"start":{"line":45,"column":26},"end":{"line":45,"column":55}},{"start":{"line":45,"column":59},"end":{"line":45,"column":61}}],"line":45},"4":{"loc":{"start":{"line":46,"column":25},"end":{"line":46,"column":55}},"type":"binary-expr","locations":[{"start":{"line":46,"column":25},"end":{"line":46,"column":48}},{"start":{"line":46,"column":52},"end":{"line":46,"column":55}}],"line":46},"5":{"loc":{"start":{"line":48,"column":8},"end":{"line":54,"column":9}},"type":"if","locations":[{"start":{"line":48,"column":8},"end":{"line":54,"column":9}},{"start":{},"end":{}}],"line":48}},"s":{"0":1,"1":1,"2":1,"3":5,"4":0,"5":0,"6":0,"7":0,"8":0,"9":1,"10":7,"11":0,"12":0,"13":0,"14":0,"15":0,"16":0,"17":0,"18":1},"f":{"0":5,"1":0,"2":7,"3":0},"b":{"0":[0,0],"1":[0,0],"2":[0,0],"3":[0,0],"4":[0,0],"5":[0,0]},"_coverageSchema":"1a1c01bbd47fc00a2c39e90264f33305004495a9","hash":"31debc36592763f5a6066c38d42681f4ed77ca27"}
,"/Users/apple/Desktop/PROJECT-1/backend/src/middlewares/correlationId.js": {"path":"/Users/apple/Desktop/PROJECT-1/backend/src/middlewares/correlationId.js","statementMap":{"0":{"start":{"line":5,"column":15},"end":{"line":5,"column":32}},"1":{"start":{"line":7,"column":22},"end":{"line":12,"column":1}},"2":{"start":{"line":8,"column":15},"end":{"line":8,"column":69}},"3":{"start":{"line":9,"column":4},"end":{"line":9,"column":27}},"4":{"start":{"line":10,"column":4},"end":{"line":10,"column":42}},"5":{"start":{"line":11,"column":4},"end":{"line":11,"column":11}},"6":{"start":{"line":14,"column":0},"end":{"line":14,"column":31}}},"fnMap":{"0":{"name":"(anonymous_0)","decl":{"start":{"line":7,"column":22},"end":{"line":7,"column":23}},"loc":{"start":{"line":7,"column":42},"end":{"line":12,"column":1}},"line":7}},"branchMap":{"0":{"loc":{"start":{"line":8,"column":15},"end":{"line":8,"column":69}},"type":"binary-expr","locations":[{"start":{"line":8,"column":15},"end":{"line":8,"column":46}},{"start":{"line":8,"column":50},"end":{"line":8,"column":69}}],"line":8}},"s":{"0":1,"1":1,"2":2,"3":2,"4":2,"5":2,"6":1},"f":{"0":2},"b":{"0":[2,2]},"_coverageSchema":"1a1c01bbd47fc00a2c39e90264f33305004495a9","hash":"ae939716390cef910ea76083a631aff2a1299bbd"}
,"/Users/apple/Desktop/PROJECT-1/backend/src/middlewares/errorHandler.js": {"path":"/Users/apple/Desktop/PROJECT-1/backend/src/middlewares/errorHandler.js","statementMap":{"0":{"start":{"line":5,"column":15},"end":{"line":5,"column":42}},"1":{"start":{"line":6,"column":15},"end":{"line":6,"column":47}},"2":{"start":{"line":7,"column":38},"end":{"line":7,"column":66}},"3":{"start":{"line":12,"column":21},"end":{"line":76,"column":1}},"4":{"start":{"line":14,"column":20},"end":{"line":20,"column":5}},"5":{"start":{"line":22,"column":4},"end":{"line":28,"column":5}},"6":{"start":{"line":24,"column":8},"end":{"line":24,"column":103}},"7":{"start":{"line":27,"column":8},"end":{"line":27,"column":68}},"8":{"start":{"line":31,"column":21},"end":{"line":31,"column":42}},"9":{"start":{"line":32,"column":20},"end":{"line":32,"column":51}},"10":{"start":{"line":33,"column":18},"end":{"line":33,"column":56}},"11":{"start":{"line":34,"column":18},"end":{"line":34,"column":22}},"12":{"start":{"line":37,"column":4},"end":{"line":39,"column":5}},"13":{"start":{"line":38,"column":8},"end":{"line":38,"column":30}},"14":{"start":{"line":42,"column":4},"end":{"line":46,"column":5}},"15":{"start":{"line":43,"column":8},"end":{"line":43,"column":25}},"16":{"start":{"line":44,"column":8},"end":{"line":44,"column":35}},"17":{"start":{"line":45,"column":8},"end":{"line":45,"column":60}},"18":{"start":{"line":49,"column":4},"end":{"line":53,"column":5}},"19":{"start":{"line":50,"column":8},"end":{"line":50,"column":25}},"20":{"start":{"line":51,"column":8},"end":{"line":51,"column":38}},"21":{"start":{"line":52,"column":8},"end":{"line":52,"column":53}},"22":{"start":{"line":56,"column":21},"end":{"line":64,"column":5}},"23":{"start":{"line":66,"column":4},"end":{"line":68,"column":5}},"24":{"start":{"line":67,"column":8},"end":{"line":67,"column":41}},"25":{"start":{"line":71,"column":4},"end":{"line":73,"column":5}},"26":{"start":{"line":72,"column":8},"end":{"line":72,"column":41}},"27":{"start":{"line":75,"column":4},"end":{"line":75,"column":42}},"28":{"start":{"line":81,"column":17},"end":{"line":84,"column":1}},"29":{"start":{"line":82,"column":16},"end":{"line":82,"column":104}},"30":{"start":{"line":83,"column":4},"end":{"line":83,"column":14}},"31":{"start":{"line":86,"column":0},"end":{"line":86,"column":44}}},"fnMap":{"0":{"name":"(anonymous_0)","decl":{"start":{"line":12,"column":21},"end":{"line":12,"column":22}},"loc":{"start":{"line":12,"column":47},"end":{"line":76,"column":1}},"line":12},"1":{"name":"(anonymous_1)","decl":{"start":{"line":81,"column":17},"end":{"line":81,"column":18}},"loc":{"start":{"line":81,"column":37},"end":{"line":84,"column":1}},"line":81}},"branchMap":{"0":{"loc":{"start":{"line":19,"column":16},"end":{"line":19,"column":45}},"type":"cond-expr","locations":[{"start":{"line":19,"column":27},"end":{"line":19,"column":38}},{"start":{"line":19,"column":41},"end":{"line":19,"column":45}}],"line":19},"1":{"loc":{"start":{"line":22,"column":4},"end":{"line":28,"column":5}},"type":"if","locations":[{"start":{"line":22,"column":4},"end":{"line":28,"column":5}},{"start":{"line":25,"column":11},"end":{"line":28,"column":5}}],"line":22},"2":{"loc":{"start":{"line":22,"column":8},"end":{"line":22,"column":52}},"type":"binary-expr","locations":[{"start":{"line":22,"column":8},"end":{"line":22,"column":31}},{"start":{"line":22,"column":35},"end":{"line":22,"column":52}}],"line":22},"3":{"loc":{"start":{"line":31,"column":21},"end":{"line":31,"column":42}},"type":"binary-expr","locations":[{"start":{"line":31,"column":21},"end":{"line":31,"column":35}},{"start":{"line":31,"column":39},"end":{"line":31,"column":42}}],"line":31},"4":{"loc":{"start":{"line":32,"column":20},"end":{"line":32,"column":51}},"type":"binary-expr","locations":[{"start":{"line":32,"column":20},"end":{"line":32,"column":33}},{"start":{"line":32,"column":37},"end":{"line":32,"column":51}}],"line":32},"5":{"loc":{"start":{"line":33,"column":18},"end":{"line":33,"column":56}},"type":"binary-expr","locations":[{"start":{"line":33,"column":18},"end":{"line":33,"column":29}},{"start":{"line":33,"column":33},"end":{"line":33,"column":56}}],"line":33},"6":{"loc":{"start":{"line":37,"column":4},"end":{"line":39,"column":5}},"type":"if","locations":[{"start":{"line":37,"column":4},"end":{"line":39,"column":5}},{"start":{},"end":{}}],"line":37},"7":{"loc":{"start":{"line":42,"column":4},"end":{"line":46,"column":5}},"type":"if","locations":[{"start":{"line":42,"column":4},"end":{"line":46,"column":5}},{"start":{},"end":{}}],"line":42},"8":{"loc":{"start":{"line":49,"column":4},"end":{"line":53,"column":5}},"type":"if","locations":[{"start":{"line":49,"column":4},"end":{"line":53,"column":5}},{"start":{},"end":{}}],"line":49},"9":{"loc":{"start":{"line":60,"column":21},"end":{"line":62,"column":25}},"type":"cond-expr","locations":[{"start":{"line":61,"column":18},"end":{"line":61,"column":48}},{"start":{"line":62,"column":18},"end":{"line":62,"column":25}}],"line":60},"10":{"loc":{"start":{"line":60,"column":21},"end":{"line":60,"column":64}},"type":"binary-expr","locations":[{"start":{"line":60,"column":21},"end":{"line":60,"column":42}},{"start":{"line":60,"column":46},"end":{"line":60,"column":64}}],"line":60},"11":{"loc":{"start":{"line":66,"column":4},"end":{"line":68,"column":5}},"type":"if","locations":[{"start":{"line":66,"column":4},"end":{"line":68,"column":5}},{"start":{},"end":{}}],"line":66},"12":{"loc":{"start":{"line":71,"column":4},"end":{"line":73,"column":5}},"type":"if","locations":[{"start":{"line":71,"column":4},"end":{"line":73,"column":5}},{"start":{},"end":{}}],"line":71}},"s":{"0":1,"1":1,"2":1,"3":1,"4":0,"5":0,"6":0,"7":0,"8":0,"9":0,"10":0,"11":0,"12":0,"13":0,"14":0,"15":0,"16":0,"17":0,"18":0,"19":0,"20":0,"21":0,"22":0,"23":0,"24":0,"25":0,"26":0,"27":0,"28":1,"29":0,"30":0,"31":1},"f":{"0":0,"1":0},"b":{"0":[0,0],"1":[0,0],"2":[0,0],"3":[0,0],"4":[0,0],"5":[0,0],"6":[0,0],"7":[0,0],"8":[0,0],"9":[0,0],"10":[0,0],"11":[0,0],"12":[0,0]},"_coverageSchema":"1a1c01bbd47fc00a2c39e90264f33305004495a9","hash":"7d0c53353c6b143a75990df643f073de657f1159"}
,"/Users/apple/Desktop/PROJECT-1/backend/src/middlewares/rateLimiter.js": {"path":"/Users/apple/Desktop/PROJECT-1/backend/src/middlewares/rateLimiter.js","statementMap":{"0":{"start":{"line":4,"column":18},"end":{"line":4,"column":47}},"1":{"start":{"line":5,"column":15},"end":{"line":5,"column":47}},"2":{"start":{"line":8,"column":19},"end":{"line":20,"column":2}},"3":{"start":{"line":23,"column":20},"end":{"line":35,"column":2}},"4":{"start":{"line":38,"column":20},"end":{"line":50,"column":2}},"5":{"start":{"line":52,"column":0},"end":{"line":52,"column":58}}},"fnMap":{},"branchMap":{},"s":{"0":1,"1":1,"2":1,"3":1,"4":1,"5":1},"f":{},"b":{},"_coverageSchema":"1a1c01bbd47fc00a2c39e90264f33305004495a9","hash":"fcc5eaec7c438a125563777807764cd000c35607"}
,"/Users/apple/Desktop/PROJECT-1/backend/src/middlewares/validate.js": {"path":"/Users/apple/Desktop/PROJECT-1/backend/src/middlewares/validate.js","statementMap":{"0":{"start":{"line":4,"column":28},"end":{"line":4,"column":56}},"1":{"start":{"line":13,"column":17},"end":{"line":46,"column":1}},"2":{"start":{"line":14,"column":4},"end":{"line":45,"column":6}},"3":{"start":{"line":15,"column":23},"end":{"line":15,"column":25}},"4":{"start":{"line":17,"column":8},"end":{"line":38,"column":9}},"5":{"start":{"line":18,"column":12},"end":{"line":18,"column":39}},"6":{"start":{"line":18,"column":30},"end":{"line":18,"column":39}},"7":{"start":{"line":20,"column":37},"end":{"line":24,"column":14}},"8":{"start":{"line":26,"column":12},"end":{"line":37,"column":13}},"9":{"start":{"line":27,"column":16},"end":{"line":33,"column":19}},"10":{"start":{"line":28,"column":20},"end":{"line":32,"column":23}},"11":{"start":{"line":36,"column":16},"end":{"line":36,"column":36}},"12":{"start":{"line":40,"column":8},"end":{"line":42,"column":9}},"13":{"start":{"line":41,"column":12},"end":{"line":41,"column":74}},"14":{"start":{"line":44,"column":8},"end":{"line":44,"column":15}},"15":{"start":{"line":48,"column":0},"end":{"line":48,"column":26}}},"fnMap":{"0":{"name":"(anonymous_0)","decl":{"start":{"line":13,"column":17},"end":{"line":13,"column":18}},"loc":{"start":{"line":13,"column":29},"end":{"line":46,"column":1}},"line":13},"1":{"name":"(anonymous_1)","decl":{"start":{"line":14,"column":11},"end":{"line":14,"column":12}},"loc":{"start":{"line":14,"column":31},"end":{"line":45,"column":5}},"line":14},"2":{"name":"(anonymous_2)","decl":{"start":{"line":27,"column":38},"end":{"line":27,"column":39}},"loc":{"start":{"line":27,"column":50},"end":{"line":33,"column":17}},"line":27}},"branchMap":{"0":{"loc":{"start":{"line":18,"column":12},"end":{"line":18,"column":39}},"type":"if","locations":[{"start":{"line":18,"column":12},"end":{"line":18,"column":39}},{"start":{},"end":{}}],"line":18},"1":{"loc":{"start":{"line":26,"column":12},"end":{"line":37,"column":13}},"type":"if","locations":[{"start":{"line":26,"column":12},"end":{"line":37,"column":13}},{"start":{"line":34,"column":19},"end":{"line":37,"column":13}}],"line":26},"2":{"loc":{"start":{"line":40,"column":8},"end":{"line":42,"column":9}},"type":"if","locations":[{"start":{"line":40,"column":8},"end":{"line":42,"column":9}},{"start":{},"end":{}}],"line":40}},"s":{"0":1,"1":1,"2":20,"3":0,"4":0,"5":0,"6":0,"7":0,"8":0,"9":0,"10":0,"11":0,"12":0,"13":0,"14":0,"15":1},"f":{"0":20,"1":0,"2":0},"b":{"0":[0,0],"1":[0,0],"2":[0,0]},"_coverageSchema":"1a1c01bbd47fc00a2c39e90264f33305004495a9","hash":"11846b9c6f5c70aed80325defcfd775d6250dde0"}
,"/Users/apple/Desktop/PROJECT-1/backend/src/models/schemas.js": {"path":"/Users/apple/Desktop/PROJECT-1/backend/src/models/schemas.js","statementMap":{"0":{"start":{"line":8,"column":24},"end":{"line":14,"column":2}},"1":{"start":{"line":16,"column":31},"end":{"line":16,"column":61}},"2":{"start":{"line":21,"column":36},"end":{"line":27,"column":2}},"3":{"start":{"line":32,"column":19},"end":{"line":36,"column":2}},"4":{"start":{"line":38,"column":25},"end":{"line":38,"column":50}},"5":{"start":{"line":43,"column":23},"end":{"line":47,"column":2}},"6":{"start":{"line":52,"column":21},"end":{"line":58,"column":2}},"7":{"start":{"line":60,"column":28},"end":{"line":60,"column":55}},"8":{"start":{"line":65,"column":22},"end":{"line":82,"column":2}},"9":{"start":{"line":84,"column":0},"end":{"line":94,"column":2}}},"fnMap":{},"branchMap":{},"s":{"0":1,"1":1,"2":1,"3":1,"4":1,"5":1,"6":1,"7":1,"8":1,"9":1},"f":{},"b":{},"_coverageSchema":"1a1c01bbd47fc00a2c39e90264f33305004495a9","hash":"8dd6b68e16480e58f71a0d8ee488fcac2b178f2a"}
,"/Users/apple/Desktop/PROJECT-1/backend/src/repositories/audit.repository.js": {"path":"/Users/apple/Desktop/PROJECT-1/backend/src/repositories/audit.repository.js","statementMap":{"0":{"start":{"line":4,"column":18},"end":{"line":4,"column":47}},"1":{"start":{"line":6,"column":24},"end":{"line":103,"column":1}},"2":{"start":{"line":11,"column":23},"end":{"line":25,"column":9}},"3":{"start":{"line":26,"column":8},"end":{"line":26,"column":30}},"4":{"start":{"line":33,"column":25},"end":{"line":33,"column":26}},"5":{"start":{"line":34,"column":27},"end":{"line":34,"column":29}},"6":{"start":{"line":35,"column":23},"end":{"line":35,"column":25}},"7":{"start":{"line":37,"column":8},"end":{"line":40,"column":9}},"8":{"start":{"line":38,"column":12},"end":{"line":38,"column":58}},"9":{"start":{"line":39,"column":12},"end":{"line":39,"column":40}},"10":{"start":{"line":41,"column":8},"end":{"line":44,"column":9}},"11":{"start":{"line":42,"column":12},"end":{"line":42,"column":57}},"12":{"start":{"line":43,"column":12},"end":{"line":43,"column":40}},"13":{"start":{"line":45,"column":8},"end":{"line":48,"column":9}},"14":{"start":{"line":46,"column":12},"end":{"line":46,"column":62}},"15":{"start":{"line":47,"column":12},"end":{"line":47,"column":44}},"16":{"start":{"line":49,"column":8},"end":{"line":52,"column":9}},"17":{"start":{"line":50,"column":12},"end":{"line":50,"column":60}},"18":{"start":{"line":51,"column":12},"end":{"line":51,"column":42}},"19":{"start":{"line":53,"column":8},"end":{"line":56,"column":9}},"20":{"start":{"line":54,"column":12},"end":{"line":54,"column":62}},"21":{"start":{"line":55,"column":12},"end":{"line":55,"column":43}},"22":{"start":{"line":57,"column":8},"end":{"line":60,"column":9}},"23":{"start":{"line":58,"column":12},"end":{"line":58,"column":62}},"24":{"start":{"line":59,"column":12},"end":{"line":59,"column":41}},"25":{"start":{"line":62,"column":28},"end":{"line":62,"column":92}},"26":{"start":{"line":64,"column":23},"end":{"line":71,"column":9}},"27":{"start":{"line":72,"column":8},"end":{"line":72,"column":27}},"28":{"start":{"line":79,"column":25},"end":{"line":79,"column":26}},"29":{"start":{"line":80,"column":27},"end":{"line":80,"column":29}},"30":{"start":{"line":81,"column":23},"end":{"line":81,"column":25}},"31":{"start":{"line":83,"column":8},"end":{"line":86,"column":9}},"32":{"start":{"line":84,"column":12},"end":{"line":84,"column":58}},"33":{"start":{"line":85,"column":12},"end":{"line":85,"column":40}},"34":{"start":{"line":87,"column":8},"end":{"line":90,"column":9}},"35":{"start":{"line":88,"column":12},"end":{"line":88,"column":57}},"36":{"start":{"line":89,"column":12},"end":{"line":89,"column":40}},"37":{"start":{"line":91,"column":8},"end":{"line":94,"column":9}},"38":{"start":{"line":92,"column":12},"end":{"line":92,"column":62}},"39":{"start":{"line":93,"column":12},"end":{"line":93,"column":44}},"40":{"start":{"line":96,"column":28},"end":{"line":96,"column":92}},"41":{"start":{"line":97,"column":23},"end":{"line":100,"column":9}},"42":{"start":{"line":101,"column":8},"end":{"line":101,"column":50}},"43":{"start":{"line":105,"column":0},"end":{"line":105,"column":33}}},"fnMap":{"0":{"name":"(anonymous_0)","decl":{"start":{"line":10,"column":12},"end":{"line":10,"column":13}},"loc":{"start":{"line":10,"column":108},"end":{"line":27,"column":5}},"line":10},"1":{"name":"(anonymous_1)","decl":{"start":{"line":32,"column":13},"end":{"line":32,"column":14}},"loc":{"start":{"line":32,"column":99},"end":{"line":73,"column":5}},"line":32},"2":{"name":"(anonymous_2)","decl":{"start":{"line":78,"column":14},"end":{"line":78,"column":15}},"loc":{"start":{"line":78,"column":38},"end":{"line":102,"column":5}},"line":78}},"branchMap":{"0":{"loc":{"start":{"line":16,"column":16},"end":{"line":16,"column":30}},"type":"binary-expr","locations":[{"start":{"line":16,"column":16},"end":{"line":16,"column":22}},{"start":{"line":16,"column":26},"end":{"line":16,"column":30}}],"line":16},"1":{"loc":{"start":{"line":19,"column":16},"end":{"line":19,"column":32}},"type":"binary-expr","locations":[{"start":{"line":19,"column":16},"end":{"line":19,"column":24}},{"start":{"line":19,"column":28},"end":{"line":19,"column":32}}],"line":19},"2":{"loc":{"start":{"line":20,"column":16},"end":{"line":20,"column":60}},"type":"cond-expr","locations":[{"start":{"line":20,"column":28},"end":{"line":20,"column":53}},{"start":{"line":20,"column":56},"end":{"line":20,"column":60}}],"line":20},"3":{"loc":{"start":{"line":21,"column":16},"end":{"line":21,"column":60}},"type":"cond-expr","locations":[{"start":{"line":21,"column":28},"end":{"line":21,"column":53}},{"start":{"line":21,"column":56},"end":{"line":21,"column":60}}],"line":21},"4":{"loc":{"start":{"line":22,"column":16},"end":{"line":22,"column":33}},"type":"binary-expr","locations":[{"start":{"line":22,"column":16},"end":{"line":22,"column":25}},{"start":{"line":22,"column":29},"end":{"line":22,"column":33}}],"line":22},"5":{"loc":{"start":{"line":23,"column":16},"end":{"line":23,"column":33}},"type":"binary-expr","locations":[{"start":{"line":23,"column":16},"end":{"line":23,"column":25}},{"start":{"line":23,"column":29},"end":{"line":23,"column":33}}],"line":23},"6":{"loc":{"start":{"line":32,"column":37},"end":{"line":32,"column":58}},"type":"default-arg","locations":[{"start":{"line":32,"column":46},"end":{"line":32,"column":58}}],"line":32},"7":{"loc":{"start":{"line":32,"column":60},"end":{"line":32,"column":78}},"type":"default-arg","locations":[{"start":{"line":32,"column":72},"end":{"line":32,"column":78}}],"line":32},"8":{"loc":{"start":{"line":32,"column":80},"end":{"line":32,"column":92}},"type":"default-arg","locations":[{"start":{"line":32,"column":90},"end":{"line":32,"column":92}}],"line":32},"9":{"loc":{"start":{"line":37,"column":8},"end":{"line":40,"column":9}},"type":"if","locations":[{"start":{"line":37,"column":8},"end":{"line":40,"column":9}},{"start":{},"end":{}}],"line":37},"10":{"loc":{"start":{"line":41,"column":8},"end":{"line":44,"column":9}},"type":"if","locations":[{"start":{"line":41,"column":8},"end":{"line":44,"column":9}},{"start":{},"end":{}}],"line":41},"11":{"loc":{"start":{"line":45,"column":8},"end":{"line":48,"column":9}},"type":"if","locations":[{"start":{"line":45,"column":8},"end":{"line":48,"column":9}},{"start":{},"end":{}}],"line":45},"12":{"loc":{"start":{"line":49,"column":8},"end":{"line":52,"column":9}},"type":"if","locations":[{"start":{"line":49,"column":8},"end":{"line":52,"column":9}},{"start":{},"end":{}}],"line":49},"13":{"loc":{"start":{"line":53,"column":8},"end":{"line":56,"column":9}},"type":"if","locations":[{"start":{"line":53,"column":8},"end":{"line":56,"column":9}},{"start":{},"end":{}}],"line":53},"14":{"loc":{"start":{"line":57,"column":8},"end":{"line":60,"column":9}},"type":"if","locations":[{"start":{"line":57,"column":8},"end":{"line":60,"column":9}},{"start":{},"end":{}}],"line":57},"15":{"loc":{"start":{"line":62,"column":28},"end":{"line":62,"column":92}},"type":"cond-expr","locations":[{"start":{"line":62,"column":52},"end":{"line":62,"column":87}},{"start":{"line":62,"column":90},"end":{"line":62,"column":92}}],"line":62},"16":{"loc":{"start":{"line":78,"column":21},"end":{"line":78,"column":33}},"type":"default-arg","locations":[{"start":{"line":78,"column":31},"end":{"line":78,"column":33}}],"line":78},"17":{"loc":{"start":{"line":83,"column":8},"end":{"line":86,"column":9}},"type":"if","locations":[{"start":{"line":83,"column":8},"end":{"line":86,"column":9}},{"start":{},"end":{}}],"line":83},"18":{"loc":{"start":{"line":87,"column":8},"end":{"line":90,"column":9}},"type":"if","locations":[{"start":{"line":87,"column":8},"end":{"line":90,"column":9}},{"start":{},"end":{}}],"line":87},"19":{"loc":{"start":{"line":91,"column":8},"end":{"line":94,"column":9}},"type":"if","locations":[{"start":{"line":91,"column":8},"end":{"line":94,"column":9}},{"start":{},"end":{}}],"line":91},"20":{"loc":{"start":{"line":96,"column":28},"end":{"line":96,"column":92}},"type":"cond-expr","locations":[{"start":{"line":96,"column":52},"end":{"line":96,"column":87}},{"start":{"line":96,"column":90},"end":{"line":96,"column":92}}],"line":96}},"s":{"0":1,"1":1,"2":0,"3":0,"4":0,"5":0,"6":0,"7":0,"8":0,"9":0,"10":0,"11":0,"12":0,"13":0,"14":0,"15":0,"16":0,"17":0,"18":0,"19":0,"20":0,"21":0,"22":0,"23":0,"24":0,"25":0,"26":0,"27":0,"28":0,"29":0,"30":0,"31":0,"32":0,"33":0,"34":0,"35":0,"36":0,"37":0,"38":0,"39":0,"40":0,"41":0,"42":0,"43":1},"f":{"0":0,"1":0,"2":0},"b":{"0":[0,0],"1":[0,0],"2":[0,0],"3":[0,0],"4":[0,0],"5":[0,0],"6":[0],"7":[0],"8":[0],"9":[0,0],"10":[0,0],"11":[0,0],"12":[0,0],"13":[0,0],"14":[0,0],"15":[0,0],"16":[0],"17":[0,0],"18":[0,0],"19":[0,0],"20":[0,0]
[...]
d":{"line":14,"column":59}},"6":{"start":{"line":14,"column":23},"end":{"line":14,"column":59}},"7":{"start":{"line":16,"column":24},"end":{"line":16,"column":85}},"8":{"start":{"line":17,"column":32},"end":{"line":17,"column":84}},"9":{"start":{"line":19,"column":8},"end":{"line":39,"column":10}},"10":{"start":{"line":32,"column":41},"end":{"line":38,"column":13}},"11":{"start":{"line":46,"column":25},"end":{"line":46,"column":86}},"12":{"start":{"line":47,"column":8},"end":{"line":47,"column":59}},"13":{"start":{"line":47,"column":23},"end":{"line":47,"column":59}},"14":{"start":{"line":50,"column":8},"end":{"line":50,"column":67}},"15":{"start":{"line":53,"column":22},"end":{"line":60,"column":10}},"16":{"start":{"line":62,"column":8},"end":{"line":69,"column":10}},"17":{"start":{"line":73,"column":0},"end":{"line":73,"column":33}}},"fnMap":{"0":{"name":"(anonymous_0)","decl":{"start":{"line":12,"column":16},"end":{"line":12,"column":17}},"loc":{"start":{"line":12,"column":42},"end":{"line":40,"column":5}},"line":12},"1":{"name":"(anonymous_1)","decl":{"start":{"line":32,"column":33},"end":{"line":32,"column":34}},"loc":{"start":{"line":32,"column":41},"end":{"line":38,"column":13}},"line":32},"2":{"name":"(anonymous_2)","decl":{"start":{"line":45,"column":14},"end":{"line":45,"column":15}},"loc":{"start":{"line":45,"column":83},"end":{"line":70,"column":5}},"line":45}},"branchMap":{"0":{"loc":{"start":{"line":14,"column":8},"end":{"line":14,"column":59}},"type":"if","locations":[{"start":{"line":14,"column":8},"end":{"line":14,"column":59}},{"start":{},"end":{}}],"line":14},"1":{"loc":{"start":{"line":17,"column":32},"end":{"line":17,"column":84}},"type":"cond-expr","locations":[{"start":{"line":17,"column":53},"end":{"line":17,"column":72}},{"start":{"line":17,"column":75},"end":{"line":17,"column":84}}],"line":17},"2":{"loc":{"start":{"line":47,"column":8},"end":{"line":47,"column":59}},"type":"if","locations":[{"start":{"line":47,"column":8},"end":{"line":47,"column":59}},{"start":{},"end":{}}],"line":47}},"s":{"0":1,"1":1,"2":1,"3":1,"4":0,"5":0,"6":0,"7":0,"8":0,"9":0,"10":0,"11":0,"12":0,"13":0,"14":0,"15":0,"16":0,"17":1},"f":{"0":0,"1":0,"2":0},"b":{"0":[0,0],"1":[0,0],"2":[0,0]},"_coverageSchema":"1a1c01bbd47fc00a2c39e90264f33305004495a9","hash":"00c390f181782f72282d31c136b7140d763f92ab"}
,"/Users/apple/Desktop/PROJECT-1/backend/src/utils/AppError.js": {"path":"/Users/apple/Desktop/PROJECT-1/backend/src/utils/AppError.js","statementMap":{"0":{"start":{"line":7,"column":8},"end":{"line":7,"column":23}},"1":{"start":{"line":8,"column":8},"end":{"line":8,"column":42}},"2":{"start":{"line":9,"column":8},"end":{"line":9,"column":37}},"3":{"start":{"line":10,"column":8},"end":{"line":10,"column":35}},"4":{"start":{"line":11,"column":8},"end":{"line":11,"column":34}},"5":{"start":{"line":12,"column":8},"end":{"line":12,"column":56}},"6":{"start":{"line":18,"column":8},"end":{"line":18,"column":46}},"7":{"start":{"line":19,"column":8},"end":{"line":19,"column":31}},"8":{"start":{"line":25,"column":8},"end":{"line":25,"column":50}},"9":{"start":{"line":31,"column":8},"end":{"line":31,"column":49}},"10":{"start":{"line":37,"column":8},"end":{"line":37,"column":61}},"11":{"start":{"line":43,"column":8},"end":{"line":43,"column":44}},"12":{"start":{"line":49,"column":8},"end":{"line":49,"column":46}},"13":{"start":{"line":55,"column":8},"end":{"line":55,"column":112}},"14":{"start":{"line":56,"column":8},"end":{"line":56,"column":35}},"15":{"start":{"line":60,"column":0},"end":{"line":69,"column":2}}},"fnMap":{"0":{"name":"(anonymous_0)","decl":{"start":{"line":6,"column":4},"end":{"line":6,"column":5}},"loc":{"start":{"line":6,"column":71},"end":{"line":13,"column":5}},"line":6},"1":{"name":"(anonymous_1)","decl":{"start":{"line":17,"column":4},"end":{"line":17,"column":5}},"loc":{"start":{"line":17,"column":61},"end":{"line":20,"column":5}},"line":17},"2":{"name":"(anonymous_2)","decl":{"start":{"line":24,"column":4},"end":{"line":24,"column":5}},"loc":{"start":{"line":24,"column":51},"end":{"line":26,"column":5}},"line":24},"3":{"name":"(anonymous_3)","decl":{"start":{"line":30,"column":4},"end":{"line":30,"column":5}},"loc":{"start":{"line":30,"column":54},"end":{"line":32,"column":5}},"line":30},"4":{"name":"(anonymous_4)","decl":{"start":{"line":36,"column":4},"end":{"line":36,"column":5}},"loc":{"start":{"line":36,"column":39},"end":{"line":38,"column":5}},"line":36},"5":{"name":"(anonymous_5)","decl":{"start":{"line":42,"column":4},"end":{"line":42,"column":5}},"loc":{"start":{"line":42,"column":53},"end":{"line":44,"column":5}},"line":42},"6":{"name":"(anonymous_6)","decl":{"start":{"line":48,"column":4},"end":{"line":48,"column":5}},"loc":{"start":{"line":48,"column":71},"end":{"line":50,"column":5}},"line":48},"7":{"name":"(anonymous_7)","decl":{"start":{"line":54,"column":4},"end":{"line":54,"column":5}},"loc":{"start":{"line":54,"column":27},"end":{"line":57,"column":5}},"line":54}},"branchMap":{"0":{"loc":{"start":{"line":6,"column":25},"end":{"line":6,"column":41}},"type":"default-arg","locations":[{"start":{"line":6,"column":38},"end":{"line":6,"column":41}}],"line":6},"1":{"loc":{"start":{"line":6,"column":43},"end":{"line":6,"column":69}},"type":"default-arg","locations":[{"start":{"line":6,"column":55},"end":{"line":6,"column":69}}],"line":6},"2":{"loc":{"start":{"line":17,"column":16},"end":{"line":17,"column":45}},"type":"default-arg","locations":[{"start":{"line":17,"column":26},"end":{"line":17,"column":45}}],"line":17},"3":{"loc":{"start":{"line":17,"column":47},"end":{"line":17,"column":59}},"type":"default-arg","locations":[{"start":{"line":17,"column":57},"end":{"line":17,"column":59}}],"line":17},"4":{"loc":{"start":{"line":24,"column":16},"end":{"line":24,"column":49}},"type":"default-arg","locations":[{"start":{"line":24,"column":26},"end":{"line":24,"column":49}}],"line":24},"5":{"loc":{"start":{"line":30,"column":16},"end":{"line":30,"column":52}},"type":"default-arg","locations":[{"start":{"line":30,"column":26},"end":{"line":30,"column":52}}],"line":30},"6":{"loc":{"start":{"line":36,"column":16},"end":{"line":36,"column":37}},"type":"default-arg","locations":[{"start":{"line":36,"column":27},"end":{"line":36,"column":37}}],"line":36},"7":{"loc":{"start":{"line":42,"column":16},"end":{"line":42,"column":51}},"type":"default-arg","locations":[{"start":{"line":42,"column":26},"end":{"line":42,"column":51}}],"line":42},"8":{"loc":{"start":{"line":48,"column":16},"end":{"line":48,"column":69}},"type":"default-arg","locations":[{"start":{"line":48,"column":26},"end":{"line":48,"column":69}}],"line":48}},"s":{"0":0,"1":0,"2":0,"3":0,"4":0,"5":0,"6":0,"7":0,"8":0,"9":0,"10":0,"11":0,"12":0,"13":0,"14":0,"15":1},"f":{"0":0,"1":0,"2":0,"3":0,"4":0,"5":0,"6":0,"7":0},"b":{"0":[0],"1":[0],"2":[0],"3":[0],"4":[0],"5":[0],"6":[0],"7":[0],"8":[0]},"_coverageSchema":"1a1c01bbd47fc00a2c39e90264f33305004495a9","hash":"a9361e28290dc5a2cb654027caa65e80626abbf1"}
,"/Users/apple/Desktop/PROJECT-1/backend/src/utils/pagination.js": {"path":"/Users/apple/Desktop/PROJECT-1/backend/src/utils/pagination.js","statementMap":{"0":{"start":{"line":5,"column":21},"end":{"line":5,"column":22}},"1":{"start":{"line":6,"column":22},"end":{"line":6,"column":24}},"2":{"start":{"line":7,"column":18},"end":{"line":7,"column":21}},"3":{"start":{"line":9,"column":28},"end":{"line":9,"column":43}},"4":{"start":{"line":17,"column":24},"end":{"line":38,"column":1}},"5":{"start":{"line":18,"column":15},"end":{"line":18,"column":39}},"6":{"start":{"line":19,"column":16},"end":{"line":19,"column":41}},"7":{"start":{"line":21,"column":4},"end":{"line":21,"column":53}},"8":{"start":{"line":21,"column":33},"end":{"line":21,"column":53}},"9":{"start":{"line":22,"column":4},"end":{"line":22,"column":57}},"10":{"start":{"line":22,"column":35},"end":{"line":22,"column":57}},"11":{"start":{"line":23,"column":4},"end":{"line":23,"column":45}},"12":{"start":{"line":23,"column":27},"end":{"line":23,"column":45}},"13":{"start":{"line":25,"column":19},"end":{"line":25,"column":37}},"14":{"start":{"line":27,"column":17},"end":{"line":27,"column":29}},"15":{"start":{"line":28,"column":4},"end":{"line":30,"column":5}},"16":{"start":{"line":29,"column":8},"end":{"line":29,"column":30}},"17":{"start":{"line":32,"column":20},"end":{"line":32,"column":26}},"18":{"start":{"line":33,"column":4},"end":{"line":35,"column":5}},"19":{"start":{"line":34,"column":8},"end":{"line":34,"column":50}},"20":{"start":{"line":37,"column":4},"end":{"line":37,"column":54}},"21":{"start":{"line":45,"column":27},"end":{"line":47,"column":1}},"22":{"start":{"line":46,"column":4},"end":{"line":46,"column":77}},"23":{"start":{"line":49,"column":0},"end":{"line":49,"column":83}}},"fnMap":{"0":{"name":"(anonymous_0)","decl":{"start":{"line":17,"column":24},"end":{"line":17,"column":25}},"loc":{"start":{"line":17,"column":76},"end":{"line":38,"column":1}},"line":17},"1":{"name":"(anonymous_1)","decl":{"start":{"line":45,"column":27},"end":{"line":45,"column":28}},"loc":{"start":{"line":45,"column":69},"end":{"line":47,"column":1}},"line":45}},"branchMap":{"0":{"loc":{"start":{"line":17,"column":25},"end":{"line":17,"column":35}},"type":"default-arg","locations":[{"start":{"line":17,"column":33},"end":{"line":17,"column":35}}],"line":17},"1":{"loc":{"start":{"line":17,"column":37},"end":{"line":17,"column":71}},"type":"default-arg","locations":[{"start":{"line":17,"column":57},"end":{"line":17,"column":71}}],"line":17},"2":{"loc":{"start":{"line":21,"column":4},"end":{"line":21,"column":53}},"type":"if","locations":[{"start":{"line":21,"column":4},"end":{"line":21,"column":53}},{"start":{},"end":{}}],"line":21},"3":{"loc":{"start":{"line":21,"column":8},"end":{"line":21,"column":31}},"type":"binary-expr","locations":[{"start":{"line":21,"column":8},"end":{"line":21,"column":19}},{"start":{"line":21,"column":23},"end":{"line":21,"column":31}}],"line":21},"4":{"loc":{"start":{"line":22,"column":4},"end":{"line":22,"column":57}},"type":"if","locations":[{"start":{"line":22,"column":4},"end":{"line":22,"column":57}},{"start":{},"end":{}}],"line":22},"5":{"loc":{"start":{"line":22,"column":8},"end":{"line":22,"column":33}},"type":"binary-expr","locations":[{"start":{"line":22,"column":8},"end":{"line":22,"column":20}},{"start":{"line":22,"column":24},"end":{"line":22,"column":33}}],"line":22},"6":{"loc":{"start":{"line":23,"column":4},"end":{"line":23,"column":45}},"type":"if","locations":[{"start":{"line":23,"column":4},"end":{"line":23,"column":45}},{"start":{},"end":{}}],"line":23},"7":{"loc":{"start":{"line":28,"column":4},"end":{"line":30,"column":5}},"type":"if","locations":[{"start":{"line":28,"column":4},"end":{"line":30,"column":5}},{"start":{},"end":{}}],"line":28},"8":{"loc":{"start":{"line":28,"column":8},"end":{"line":28,"column":64}},"type":"binary-expr","locations":[{"start":{"line":28,"column":8},"end":{"line":28,"column":20}},{"start":{"line":28,"column":24},"end":{"line":28,"column":64}}],"line":28},"9":{"loc":{"start":{"line":33,"column":4},"end":{"line":35,"column":5}},"type":"if","locations":[{"start":{"line":33,"column":4},"end":{"line":35,"column":5}},{"start":{},"end":{}}],"line":33},"10":{"loc":{"start":{"line":33,"column":8},"end":{"line":33,"column":86}},"type":"binary-expr","locations":[{"start":{"line":33,"column":8},"end":{"line":33,"column":23}},{"start":{"line":33,"column":27},"end":{"line":33,"column":86}}],"line":33}},"s":{"0":1,"1":1,"2":1,"3":1,"4":1,"5":0,"6":0,"7":0,"8":0,"9":0,"10":0,"11":0,"12":0,"13":0,"14":0,"15":0,"16":0,"17":0,"18":0,"19":0,"20":0,"21":1,"22":0,"23":1},"f":{"0":0,"1":0},"b":{"0":[0],"1":[0],"2":[0,0],"3":[0,0],"4":[0,0],"5":[0,0],"6":[0,0],"7":[0,0],"8":[0,0],"9":[0,0],"10":[0,0]},"_coverageSchema":"1a1c01bbd47fc00a2c39e90264f33305004495a9","hash":"2a406339709a3028caf0cd11d69c46a3b105fc1b"}
,"/Users/apple/Desktop/PROJECT-1/backend/src/utils/responseHelper.js": {"path":"/Users/apple/Desktop/PROJECT-1/backend/src/utils/responseHelper.js","statementMap":{"0":{"start":{"line":13,"column":16},"end":{"line":24,"column":1}},"1":{"start":{"line":14,"column":21},"end":{"line":17,"column":5}},"2":{"start":{"line":19,"column":4},"end":{"line":21,"column":5}},"3":{"start":{"line":20,"column":8},"end":{"line":20,"column":29}},"4":{"start":{"line":23,"column":4},"end":{"line":23,"column":49}},"5":{"start":{"line":29,"column":16},"end":{"line":31,"column":1}},"6":{"start":{"line":30,"column":4},"end":{"line":30,"column":35}},"7":{"start":{"line":39,"column":18},"end":{"line":51,"column":1}},"8":{"start":{"line":40,"column":35},"end":{"line":40,"column":45}},"9":{"start":{"line":41,"column":23},"end":{"line":41,"column":47}},"10":{"start":{"line":43,"column":4},"end":{"line":50,"column":7}},"11":{"start":{"line":61,"column":14},"end":{"line":75,"column":1}},"12":{"start":{"line":62,"column":21},"end":{"line":68,"column":5}},"13":{"start":{"line":70,"column":4},"end":{"line":72,"column":5}},"14":{"start":{"line":71,"column":8},"end":{"line":71,"column":41}},"15":{"start":{"line":74,"column":4},"end":{"line":74,"column":49}},"16":{"start":{"line":77,"column":0},"end":{"line":77,"column":56}}},"fnMap":{"0":{"name":"(anonymous_0)","decl":{"start":{"line":13,"column":16},"end":{"line":13,"column":17}},"loc":{"start":{"line":13,"column":69},"end":{"line":24,"column":1}},"line":13},"1":{"name":"(anonymous_1)","decl":{"start":{"line":29,"column":16},"end":{"line":29,"column":17}},"loc":{"start":{"line":29,"column":38},"end":{"line":31,"column":1}},"line":29},"2":{"name":"(anonymous_2)","decl":{"start":{"line":39,"column":18},"end":{"line":39,"column":19}},"loc":{"start":{"line":39,"column":45},"end":{"line":51,"column":1}},"line":39},"3":{"name":"(anonymous_3)","decl":{"start":{"line":61,"column":14},"end":{"line":61,"column":15}},"loc":{"start":{"line":61,"column":94},"end":{"line":75,"column":1}},"line":61}},"branchMap":{"0":{"loc":{"start":{"line":13,"column":22},"end":{"line":13,"column":33}},"type":"default-arg","locations":[{"start":{"line":13,"column":29},"end":{"line":13,"column":33}}],"line":13},"1":{"loc":{"start":{"line":13,"column":35},"end":{"line":13,"column":51}},"type":"default-arg","locations":[{"start":{"line":13,"column":48},"end":{"line":13,"column":51}}],"line":13},"2":{"loc":{"start":{"line":13,"column":53},"end":{"line":13,"column":64}},"type":"default-arg","locations":[{"start":{"line":13,"column":60},"end":{"line":13,"column":64}}],"line":13},"3":{"loc":{"start":{"line":19,"column":4},"end":{"line":21,"column":5}},"type":"if","locations":[{"start":{"line":19,"column":4},"end":{"line":21,"column":5}},{"start":{},"end":{}}],"line":19},"4":{"loc":{"start":{"line":29,"column":22},"end":{"line":29,"column":33}},"type":"default-arg","locations":[{"start":{"line":29,"column":29},"end":{"line":29,"column":33}}],"line":29},"5":{"loc":{"start":{"line":61,"column":29},"end":{"line":61,"column":45}},"type":"default-arg","locations":[{"start":{"line":61,"column":42},"end":{"line":61,"column":45}}],"line":61},"6":{"loc":{"start":{"line":61,"column":47},"end":{"line":61,"column":73}},"type":"default-arg","locations":[{"start":{"line":61,"column":59},"end":{"line":61,"column":73}}],"line":61},"7":{"loc":{"start":{"line":61,"column":75},"end":{"line":61,"column":89}},"type":"default-arg","locations":[{"start":{"line":61,"column":85},"end":{"line":61,"column":89}}],"line":61},"8":{"loc":{"start":{"line":70,"column":4},"end":{"line":72,"column":5}},"type":"if","locations":[{"start":{"line":70,"column":4},"end":{"line":72,"column":5}},{"start":{},"end":{}}],"line":70}},"s":{"0":1,"1":0,"2":0,"3":0,"4":0,"5":1,"6":0,"7":1,"8":0,"9":0,"10":0,"11":1,"12":0,"13":0,"14":0,"15":0,"16":1},"f":{"0":0,"1":0,"2":0,"3":0},"b":{"0":[0],"1":[0],"2":[0],"3":[0,0],"4":[0],"5":[0],"6":[0],"7":[0],"8":[0,0]},"_coverageSchema":"1a1c01bbd47fc00a2c39e90264f33305004495a9","hash":"821539255e25707b3b414b5d5c66e881ec42cac8"}
,"/Users/apple/Desktop/PROJECT-1/backend/src/validators/auth.validator.js": {"path":"/Users/apple/Desktop/PROJECT-1/backend/src/validators/auth.validator.js","statementMap":{"0":{"start":{"line":4,"column":12},"end":{"line":4,"column":26}},"1":{"start":{"line":6,"column":17},"end":{"line":20,"column":1}},"2":{"start":{"line":22,"column":14},"end":{"line":27,"column":1}},"3":{"start":{"line":29,"column":22},"end":{"line":36,"column":1}},"4":{"start":{"line":38,"column":23},"end":{"line":42,"column":1}},"5":{"start":{"line":44,"column":22},"end":{"line":53,"column":1}},"6":{"start":{"line":55,"column":21},"end":{"line":59,"column":1}},"7":{"start":{"line":61,"column":15},"end":{"line":65,"column":1}},"8":{"start":{"line":67,"column":0},"end":{"line":75,"column":2}}},"fnMap":{},"branchMap":{},"s":{"0":1,"1":1,"2":1,"3":1,"4":1,"5":1,"6":1,"7":1,"8":1},"f":{},"b":{},"_coverageSchema":"1a1c01bbd47fc00a2c39e90264f33305004495a9","hash":"f994097401c4fb518587071397501b8014566c88"}
,"/Users/apple/Desktop/PROJECT-1/backend/src/validators/contact.validator.js": {"path":"/Users/apple/Desktop/PROJECT-1/backend/src/validators/contact.validator.js","statementMap":{"0":{"start":{"line":4,"column":12},"end":{"line":4,"column":26}},"1":{"start":{"line":6,"column":22},"end":{"line":15,"column":1}},"2":{"start":{"line":17,"column":18},"end":{"line":21,"column":1}},"3":{"start":{"line":23,"column":20},"end":{"line":31,"column":1}},"4":{"start":{"line":33,"column":0},"end":{"line":33,"column":59}}},"fnMap":{},"branchMap":{},"s":{"0":1,"1":1,"2":1,"3":1,"4":1},"f":{},"b":{},"_coverageSchema":"1a1c01bbd47fc00a2c39e90264f33305004495a9","hash":"deebc5962e7c59cc3102db779cccb56f6ab886d7"}
,"/Users/apple/Desktop/PROJECT-1/backend/src/validators/quote.validator.js": {"path":"/Users/apple/Desktop/PROJECT-1/backend/src/validators/quote.validator.js","statementMap":{"0":{"start":{"line":4,"column":12},"end":{"line":4,"column":26}},"1":{"start":{"line":5,"column":32},"end":{"line":5,"column":60}},"2":{"start":{"line":7,"column":20},"end":{"line":19,"column":1}},"3":{"start":{"line":21,"column":26},"end":{"line":28,"column":1}},"4":{"start":{"line":30,"column":18},"end":{"line":38,"column":1}},"5":{"start":{"line":40,"column":0},"end":{"line":40,"column":63}}},"fnMap":{},"branchMap":{},"s":{"0":1,"1":1,"2":1,"3":1,"4":1,"5":1},"f":{},"b":{},"_coverageSchema":"1a1c01bbd47fc00a2c39e90264f33305004495a9","hash":"1d8e45fdb4727bad89668b5ccb3b3ad7198a1edf"}
,"/Users/apple/Desktop/PROJECT-1/backend/src/validators/shipment.validator.js": {"path":"/Users/apple/Desktop/PROJECT-1/backend/src/validators/shipment.validator.js","statementMap":{"0":{"start":{"line":4,"column":12},"end":{"line":4,"column":26}},"1":{"start":{"line":5,"column":35},"end":{"line":5,"column":63}},"2":{"start":{"line":7,"column":23},"end":{"line":18,"column":1}},"3":{"start":{"line":20,"column":23},"end":{"line":29,"column":1}},"4":{"start":{"line":31,"column":21},"end":{"line":41,"column":1}},"5":{"start":{"line":43,"column":18},"end":{"line":47,"column":1}},"6":{"start":{"line":49,"column":0},"end":{"line":54,"column":2}}},"fnMap":{},"branchMap":{},"s":{"0":1,"1":1,"2":1,"3":1,"4":1,"5":1,"6":1},"f":{},"b":{},"_coverageSchema":"1a1c01bbd47fc00a2c39e90264f33305004495a9","hash":"bafa070e9403f3fd2e68c63e58a495c99d2e2fad"}
,"/Users/apple/Desktop/PROJECT-1/backend/src/validators/tracking.validator.js": {"path":"/Users/apple/Desktop/PROJECT-1/backend/src/validators/tracking.validator.js","statementMap":{"0":{"start":{"line":4,"column":12},"end":{"line":4,"column":26}},"1":{"start":{"line":5,"column":35},"end":{"line":5,"column":63}},"2":{"start":{"line":7,"column":17},"end":{"line":14,"column":1}},"3":{"start":{"line":16,"column":22},"end":{"line":20,"column":1}},"4":{"start":{"line":22,"column":0},"end":{"line":22,"column":45}}},"fnMap":{},"branchMap":{},"s":{"0":1,"1":1,"2":1,"3":1,"4":1},"f":{},"b":{},"_coverageSchema":"1a1c01bbd47fc00a2c39e90264f33305004495a9","hash":"0a874d6a5480fa83d37378420c50d090cd4bacf3"}
}
