TN:
SF:src/app.js
FN:64,(anonymous_0)
FN:91,(anonymous_1)
FN:101,(anonymous_2)
FN:102,(anonymous_3)
FN:103,(anonymous_4)
FNF:5
FNH:1
FNDA:2,(anonymous_0)
FNDA:0,(anonymous_1)
FNDA:0,(anonymous_2)
FNDA:0,(anonymous_3)
FNDA:0,(anonymous_4)
DA:5,1
DA:6,1
DA:7,1
DA:8,1
DA:9,1
DA:10,1
DA:12,1
DA:13,1
DA:14,1
DA:15,1
DA:16,1
DA:19,1
DA:20,1
DA:21,1
DA:22,1
DA:23,1
DA:25,1
DA:28,1
DA:33,1
DA:34,1
DA:37,1
DA:38,1
DA:39,1
DA:40,1
DA:41,1
DA:42,1
DA:45,1
DA:49,1
DA:52,1
DA:55,1
DA:58,1
DA:64,1
DA:65,2
DA:66,2
DA:67,1
DA:79,1
DA:91,1
DA:92,0
DA:96,1
DA:101,1
DA:102,1
DA:103,1
DA:106,1
DA:107,1
DA:109,1
LF:45
LH:44
BRDA:29,0,0,0
BRDA:29,0,1,1
BRDA:31,1,0,0
BRDA:31,1,1,1
BRDA:75,2,0,1
BRDA:75,2,1,0
BRDA:84,3,0,0
BRDA:84,3,1,1
BRF:8
BRH:4
end_of_record
TN:
SF:src/config/cors.js
FN:7,(anonymous_0)
FNF:1
FNH:1
FNDA:2,(anonymous_0)
DA:4,1
DA:6,1
DA:9,2
DA:11,0
DA:12,0
DA:14,0
DA:24,1
LF:7
LH:4
BRDA:9,0,0,2
BRDA:9,0,1,0
BRDA:11,1,0,0
BRDA:11,1,1,0
BRF:4
BRH:1
end_of_record
TN:
SF:src/config/environment.js
FN:13,(anonymous_0)
FN:43,(anonymous_1)
FN:66,(anonymous_2)
FN:67,(anonymous_3)
FNF:4
FNH:3
FNDA:6,(anonymous_0)
FNDA:2,(anonymous_1)
FNDA:3,(anonymous_2)
FNDA:0,(anonymous_3)
DA:5,1
DA:6,1
DA:9,1
DA:11,1
DA:13,6
DA:14,1
DA:15,0
DA:16,0
DA:19,1
DA:43,2
DA:66,3
DA:67,0
DA:70,1
LF:13
LH:10
BRDA:14,0,0,0
BRDA:14,0,1,1
BRDA:14,1,0,1
BRDA:14,1,1,0
BRDA:20,2,0,1
BRDA:20,2,1,0
BRDA:21,3,0,1
BRDA:21,3,1,0
BRDA:24,4,0,1
BRDA:24,4,1,0
BRDA:25,5,0,1
BRDA:25,5,1,0
BRDA:29,6,0,1
BRDA:29,6,1,1
BRDA:30,7,0,1
BRDA:30,7,1,1
BRDA:31,8,0,1
BRDA:31,8,1,1
BRDA:36,9,0,1
BRDA:36,9,1,0
BRDA:38,10,0,1
BRDA:38,10,1,0
BRDA:42,11,0,1
BRDA:42,11,1,0
BRDA:48,12,0,1
BRDA:48,12,1,1
BRDA:49,13,0,1
BRDA:49,13,1,1
BRDA:50,14,0,1
BRDA:50,14,1,1
BRDA:51,15,0,1
BRDA:51,15,1,1
BRDA:55,16,0,1
BRDA:55,16,1,1
BRDA:56,17,0,1
BRDA:56,17,1,1
BRDA:57,18,0,1
BRDA:57,18,1,1
BRDA:58,19,0,1
BRDA:58,19,1,1
BRDA:62,20,0,1
BRDA:62,20,1,0
BRDA:62,21,0,0
BRDA:62,21,1,0
BRDA:63,22,0,1
BRDA:63,22,1,1
BRF:46
BRH:34
end_of_record
TN:
SF:src/controllers/admin.controller.js
FN:12,(anonymous_0)
FN:26,(anonymous_1)
FN:32,(anonymous_2)
FN:53,(anonymous_3)
FN:92,(anonymous_4)
FNF:5
FNH:0
FNDA:0,(anonymous_0)
FNDA:0,(anonymous_1)
FNDA:0,(anonymous_2)
FNDA:0,(anonymous_3)
FNDA:0,(anonymous_4)
DA:4,1
DA:5,1
DA:6,1
DA:7,1
DA:8,1
DA:9,1
DA:10,1
DA:12,1
DA:13,0
DA:14,0
DA:15,0
DA:17,0
DA:22,0
DA:26,1
DA:27,0
DA:28,0
DA:29,0
DA:30,0
DA:32,0
DA:49,0
DA:53,1
DA:54,0
DA:55,0
DA:56,0
DA:58,0
DA:60,0
DA:61,0
DA:62,0
DA:64,0
DA:67,0
DA:68,0
DA:69,0
DA:70,0
DA:71,0
DA:72,0
DA:75,0
DA:77,0
DA:79,0
DA:88,0
DA:92,1
DA:93,0
DA:94,0
DA:95,0
DA:102,0
DA:104,0
DA:110,0
DA:114,1
LF:47
LH:12
BRDA:56,0,0,0
BRDA:56,0,1,0
BRDA:60,1,0,0
BRDA:60,1,1,0
BRDA:61,2,0,0
BRDA:61,2,1,0
BRDA:67,3,0,0
BRDA:67,3,1,0
BRDA:70,4,0,0
BRDA:70,4,1,0
BRF:10
BRH:0
end_of_record
TN:
SF:src/controllers/auth.controller.js
FN:11,(anonymous_0)
FN:37,(anonymous_1)
FN:55,(anonymous_2)
FN:64,(anonymous_3)
FN:76,(anonymous_4)
FN:85,(anonymous_5)
FN:98,(anonymous_6)
FN:118,(anonymous_7)
FN:130,(anonymous_8)
FNF:9
FNH:0
FNDA:0,(anonymous_0)
FNDA:0,(anonymous_1)
FNDA:0,(anonymous_2)
FNDA:0,(anonymous_3)
FNDA:0,(anonymous_4)
FNDA:0,(anonymous_5)
FNDA:0,(anonymous_6)
FNDA:0,(anonymous_7)
FNDA:0,(anonymous_8)
DA:5,1
DA:6,1
DA:7,1
DA:8,1
DA:9,1
DA:11,1
DA:12,0
DA:13,0
DA:15,0
DA:20,0
DA:27,0
DA:28,0
DA:31,0
DA:33,0
DA:37,1
DA:38,0
DA:39,0
DA:41,0
DA:45,0
DA:51,0
DA:55,1
DA:56,0
DA:57,0
DA:58,0
DA:60,0
DA:64,1
DA:65,0
DA:66,0
DA:68,0
DA:70,0
DA:72,0
DA:76,1
DA:77,0
DA:78,0
DA:79,0
DA:81,0
DA:85,1
DA:86,0
DA:87,0
DA:88,0
DA:90,0
DA:92,0
DA:94,0
DA:98,1
DA:99,0
DA:100,0
DA:102,0
DA:106,0
DA:108,0
DA:109,0
DA:112,0
DA:114,0
DA:118,1
DA:119,0
DA:120,0
DA:122,0
DA:124,0
DA:126,0
DA:130,1
DA:131,0
DA:132,0
DA:133,0
DA:135,0
DA:139,1
LF:64
LH:15
BRDA:27,0,0,0
BRDA:27,0,1,0
BRDA:108,1,0,0
BRDA:108,1,1,0
BRDA:108,2,0,0
BRDA:108,2,1,0
BRF:6
BRH:0
end_of_record
TN:
SF:src/controllers/contact.controller.js
FN:9,(anonymous_0)
FN:28,(anonymous_1)
FN:47,(anonymous_2)
FNF:3
FNH:0
FNDA:0,(anonymous_0)
FNDA:0,(anonymous_1)
FNDA:0,(anonymous_2)
DA:4,1
DA:5,1
DA:6,1
DA:7,1
DA:9,1
DA:10,0
DA:11,0
DA:13,0
DA:14,0
DA:19,0
DA:24,0
DA:28,1
DA:29,0
DA:30,0
DA:31,0
DA:32,0
DA:33,0
DA:35,0
DA:37,0
DA:43,0
DA:47,1
DA:48,0
DA:49,0
DA:51,0
DA:55,0
DA:57,0
DA:61,1
LF:27
LH:8
BRDA:13,0,0,0
BRDA:13,0,1,0
BRDA:32,1,0,0
BRDA:32,1,1,0
BRF:4
BRH:0
end_of_record
TN:
SF:src/controllers/quote.controller.js
FN:9,(anonymous_0)
FN:29,(anonymous_1)
FN:45,(anonymous_2)
FNF:3
FNH:0
FNDA:0,(anonymous_0)
FNDA:0,(anonymous_1)
FNDA:0,(anonymous_2)
DA:4,1
DA:5,1
DA:6,1
DA:7,1
DA:9,1
DA:10,0
DA:11,0
DA:14,0
DA:15,0
DA:20,0
DA:25,0
DA:29,1
DA:30,0
DA:31,0
DA:32,0
DA:33,0
DA:35,0
DA:41,0
DA:45,1
DA:46,0
DA:47,0
DA:53,0
DA:58,0
DA:60,0
DA:64,1
LF:25
LH:8
BRDA:14,0,0,0
BRDA:14,0,1,0
BRF:2
BRH:0
end_of_record
TN:
SF:src/controllers/shipment.controller.js
FN:11,(anonymous_0)
FN:40,(anonymous_1)
FN:66,(anonymous_2)
FN:75,(anonymous_3)
FN:94,(anonymous_4)
FNF:5
FNH:0
FNDA:0,(anonymous_0)
FNDA:0,(anonymous_1)
FNDA:0,(anonymous_2)
FNDA:0,(anonymous_3)
FNDA:0,(anonymous_4)
DA:4,1
DA:5,1
DA:6,1
DA:7,1
DA:8,1
DA:9,1
DA:11,1
DA:12,0
DA:13,0
DA:16,0
DA:17,0
DA:18,0
DA:19,0
DA:22,0
DA:30,0
DA:34,0
DA:36,0
DA:40,1
DA:41,0
DA:42,0
DA:43,0
DA:50,0
DA:51,0
DA:53,0
DA:56,0
DA:62,0
DA:66,1
DA:67,0
DA:68,0
DA:69,0
DA:71,0
DA:75,1
DA:76,0
DA:77,0
DA:83,0
DA:88,0
DA:90,0
DA:94,1
DA:95,0
DA:96,0
DA:98,0
DA:102,0
DA:104,0
DA:108,1
LF:44
LH:12
BRDA:16,0,0,0
BRDA:16,0,1,0
BRDA:16,1,0,0
BRDA:16,1,1,0
BRDA:16,1,2,0
BRDA:18,2,0,0
BRDA:18,2,1,0
BRDA:50,3,0,0
BRDA:50,3,1,0
BRDA:50,4,0,0
BRDA:50,4,1,0
BRF:11
BRH:0
end_of_record
TN:
SF:src/controllers/tracking.controller.js
FN:8,(anonymous_0)
FN:17,(anonymous_1)
FNF:2
FNH:0
FNDA:0,(anonymous_0)
FNDA:0,(anonymous_1)
DA:4,1
DA:5,1
DA:6,1
DA:8,1
DA:9,0
DA:10,0
DA:11,0
DA:13,0
DA:17,1
DA:18,0
DA:19,0
DA:24,0
DA:29,0
DA:31,0
DA:35,1
LF:15
LH:6
BRF:0
BRH:0
end_of_record
TN:
SF:src/middlewares/accessLogger.js
FN:6,(anonymous_0)
FN:10,(anonymous_1)
FNF:2
FNH:2
FNDA:2,(anonymous_0)
FNDA:2,(anonymous_1)
DA:4,1
DA:6,1
DA:7,2
DA:10,2
DA:11,2
DA:12,2
DA:24,2
DA:25,1
DA:26,1
DA:27,0
DA:29,1
DA:33,2
DA:36,1
LF:13
LH:12
BRDA:18,0,0,2
BRDA:18,0,1,0
BRDA:20,1,0,0
BRDA:20,1,1,2
BRDA:21,2,0,2
BRDA:21,2,1,0
BRDA:24,3,0,1
BRDA:24,3,1,1
BRDA:26,4,0,0
BRDA:26,4,1,1
BRF:10
BRH:6
end_of_record
TN:
SF:src/middlewares/auditLogger.js
FN:19,(anonymous_0)
FN:49,(anonymous_1)
FN:50,(anonymous_2)
FNF:3
FNH:1
FNDA:0,(anonymous_0)
FNDA:2,(anonymous_1)
FNDA:0,(anonymous_2)
DA:4,1
DA:5,1
DA:19,1
DA:20,0
DA:21,0
DA:37,0
DA:49,1
DA:50,2
DA:51,0
DA:62,2
DA:65,1
LF:11
LH:7
BRDA:25,0,0,0
BRDA:25,0,1,0
BRDA:28,1,0,0
BRDA:28,1,1,0
BRDA:29,2,0,0
BRDA:29,2,1,0
BRDA:30,3,0,0
BRDA:30,3,1,0
BRDA:31,4,0,0
BRDA:31,4,1,0
BRDA:32,5,0,0
BRDA:32,5,1,0
BRDA:50,6,0,0
BRDA:50,7,0,0
BRDA:52,8,0,0
BRDA:52,8,1,0
BRF:16
BRH:0
end_of_record
TN:
SF:src/middlewares/authenticate.js
FN:14,(anonymous_0)
FN:90,(anonymous_1)
FNF:2
FNH:0
FNDA:0,(anonymous_0)
FNDA:0,(anonymous_1)
DA:5,1
DA:6,1
DA:7,1
DA:8,1
DA:14,1
DA:15,0
DA:16,0
DA:18,0
DA:19,0
DA:22,0
DA:23,0
DA:24,0
DA:28,0
DA:29,0
DA:31,0
DA:32,0
DA:34,0
DA:38,0
DA:46,0
DA:47,0
DA:48,0
DA:52,0
DA:53,0
DA:54,0
DA:57,0
DA:61,0
DA:65,0
DA:78,0
DA:80,0
DA:81,0
DA:83,0
DA:90,1
DA:91,0
DA:92,0
DA:93,0
DA:95,0
DA:98,1
LF:37
LH:7
BRDA:18,0,0,0
BRDA:18,0,1,0
BRDA:18,1,0,0
BRDA:18,1,1,0
BRDA:23,2,0,0
BRDA:23,2,1,0
BRDA:31,3,0,0
BRDA:31,3,1,0
BRDA:47,4,0,0
BRDA:47,4,1,0
BRDA:52,5,0,0
BRDA:52,5,1,0
BRDA:53,6,0,0
BRDA:53,6,1,0
BRDA:53,7,0,0
BRDA:53,7,1,0
BRDA:80,8,0,0
BRDA:80,8,1,0
BRDA:92,9,0,0
BRDA:92,9,1,0
BRDA:92,10,0,0
BRDA:92,10,1,0
BRF:22
BRH:0
end_of_record
TN:
SF:src/middlewares/authorize.js
FN:15,(anonymous_0)
FN:16,(anonymous_1)
FN:39,(anonymous_2)
FN:40,(anonymous_3)
FNF:4
FNH:2
FNDA:5,(anonymous_0)
FNDA:0,(anonymous_1)
FNDA:7,(anonymous_2)
FNDA:0,(anonymous_3)
DA:4,1
DA:5,1
DA:15,1
DA:16,5
DA:17,0
DA:18,0
DA:21,0
DA:22,0
DA:29,0
DA:39,1
DA:40,7
DA:41,0
DA:42,0
DA:45,0
DA:46,0
DA:48,0
DA:49,0
DA:56,0
DA:60,1
LF:19
LH:7
BRDA:17,0,0,0
BRDA:17,0,1,0
BRDA:21,1,0,0
BRDA:21,1,1,0
BRDA:41,2,0,0
BRDA:41,2,1,0
BRDA:45,3,0,0
BRDA:45,3,1,0
BRDA:46,4,0,0
BRDA:46,4,1,0
BRDA:48,5,0,0
BRDA:48,5,1,0
BRF:12
BRH:0
end_of_record
TN:
SF:src/middlewares/correlationId.js
FN:7,(anonymous_0)
FNF:1
FNH:1
FNDA:2,(anonymous_0)
DA:5,1
DA:7,1
DA:8,2
DA:9,2
DA:10,2
DA:11,2
DA:14,1
LF:7
LH:7
BRDA:8,0,0,2
BRDA:8,0,1,2
BRF:2
BRH:2
end_of_record
TN:
SF:src/middlewares/errorHandler.js
FN:12,(anonymous_0)
FN:81,(anonymous_1)
FNF:2
FNH:0
FNDA:0,(anonymous_0)
FNDA:0,(anonymous_1)
DA:5,1
DA:6,1
DA:7,1
DA:12,1
DA:14,0
DA:22,0
DA:24,0
DA:27,0
DA:31,0
DA:32,0
DA:33,0
DA:34,0
DA:37,0
DA:38,0
DA:42,0
DA:43,0
DA:44,0
DA:45,0
DA:49,0
DA:50,0
DA:51,0
DA:52,0
DA:56,0
DA:66,0
DA:67,0
DA:71,0
DA:72,0
DA:75,0
DA:81,1
DA:82,0
DA:83,0
DA:86,1
LF:32
LH:6
BRDA:19,0,0,0
BRDA:19,0,1,0
BRDA:22,1,0,0
BRDA:22,1,1,0
BRDA:22,2,0,0
BRDA:22,2,1,0
BRDA:31,3,0,0
BRDA:31,3,1,0
BRDA:32,4,0,0
BRDA:32,4,1,0
BRDA:33,5,0,0
BRDA:33,5,1,0
BRDA:37,6,0,0
BRDA:37,6,1,0
BRDA:42,7,0,0
BRDA:42,7,1,0
BRDA:49,8,0,0
BRDA:49,8,1,0
BRDA:60,9,0,0
BRDA:60,9,1,0
BRDA:60,10,0,0
BRDA:60,10,1,0
BRDA:66,11,0,0
BRDA:66,11,1,0
BRDA:71,12,0,0
BRDA:71,12,1,0
BRF:26
BRH:0
end_of_record
TN:
SF:src/middlewares/rateLimiter.js
FNF:0
FNH:0
DA:4,1
DA:5,1
DA:8,1
DA:23,1
DA:38,1
DA:52,1
LF:6
LH:6
BRF:0
BRH:0
end_of_record
TN:
SF:src/middlewares/validate.js
FN:13,(anonymous_0)
FN:14,(anonymous_1)
FN:27,(anonymous_2)
FNF:3
FNH:1
FNDA:20,(anonymous_0)
FNDA:0,(anonymous_1)
FNDA:0,(anonymous_2)
DA:4,1
DA:13,1
DA:14,20
DA:15,0
DA:17,0
DA:18,0
DA:20,0
DA:26,0
DA:27,0
DA:28,0
DA:36,0
DA:40,0
DA:41,0
DA:44,0
DA:48,1
LF:15
LH:4
BRDA:18,0,0,0
BRDA:18,0,1,0
BRDA:26,1,0,0
BRDA:26,1,1,0
BRDA:40,2,0,0
BRDA:40,2,1,0
BRF:6
BRH:0
end_of_record
TN:
SF:src/models/schemas.js
FNF:0
FNH:0
DA:8,1
DA:16,1
DA:21,1
DA:32,1
DA:38,1
DA:43,1
DA:52,1
DA:60,1
DA:65,1
DA:84,1
LF:10
LH:10
BRF:0
BRH:0
end_of_record
TN:
SF:src/repositories/audit.repository.js
FN:10,(anonymous_0)
FN:32,(anonymous_1)
FN:78,(anonymous_2)
FNF:3
FNH:0
FNDA:0,(anonymous_0)
FNDA:0,(anonymous_1)
FNDA:0,(anonymous_2)
DA:4,1
DA:6,1
DA:11,0
DA:26,0
DA:33,0
DA:34,0
DA:35,0
DA:37,0
DA:38,0
DA:39,0
DA:41,0
DA:42,0
DA:43,0
DA:45,0
DA:46,0
DA:47,0
DA:49,0
DA:50,0
DA:51,0
DA:53,0
DA:54,0
DA:55,0
DA:57,0
DA:58,0
DA:59,0
DA:62,0
DA:64,0
DA:72,0
DA:79,0
DA:80,0
DA:81,0
DA:83,0
DA:84,0
DA:85,0
DA:87,0
DA:88,0
DA:89,0
DA:91,0
DA:92,0
DA:93,0
DA:96,0
DA:97,0
DA:101,0
DA:105,1
LF:44
LH:3
BRDA:16,0,0,0
BRDA:16,0,1,0
BRDA:19,1,0,0
BRDA:19,1,1,0
BRDA:20,2,0,0
BRDA:20,2,1,0
BRDA:21,3,0,0
BRDA:21,3,1,0
BRDA:22,4,0,0
BRDA:22,4,1,0
BRDA:23,5,0,0
BRDA:23,5,1,0
BRDA:32,6,0,0
BRDA:32,7,0,0
BRDA:32,8,0,0
BRDA:37,9,0,0
BRDA:37,9,1,0
BRDA:41,10,0,0
BRDA:41,10,1,0
BRDA:45,11,0,0
BRDA:45,11,1,0
BRDA:49,12,0,0
BRDA:49,12,1,0
BRDA:53,13,0,0
BRDA:53,13,1,0
BRDA:57,14,0,0
BRDA:57,14,1,0
BRDA:62,15,0,0
BRDA:62,15,1,0
BRDA:78,16,0,0
BRDA:83,17,0,0
BRDA:83,17,1,0
BRDA:87,18,0,0
BRDA:87,18,1,0
BRDA:91,19,0,0
BRDA:91,19,1,0
BRDA:96,20,0,0
BRDA:96,20,1,0
BRF:38
BRH:0
end_of_record
TN:
SF:src/repositories/contact.repository.js
FN:10,(anonymous_0)
FN:22,(anonymous_1)
FN:44,(anonymous_2)
FN:65,(anonymous_3)
FN:76,(anonymous_4)
FN:87,(anonymous_5)
FNF:6
FNH:0
FNDA:0,(anonymous_0)
FNDA:0,(anonymous_1)
FNDA:0,(anonymous_2)
FNDA:0,(anonymous_3)
FNDA:0,(anonymous_4)
FNDA:0,(anonymous_5)
DA:4,1
DA:6,1
DA:11,0
DA:16,0
DA:23,0
DA:24,0
DA:25,0
DA:27,0
DA:28,0
DA:29,0
DA:32,0
DA:33,0
DA:38,0
DA:45,0
DA:46,0
DA:47,0
DA:49,0
DA:50,0
DA:51,0
DA:54,0
DA:55,0
DA:59,0
DA:66,0
DA:70,0
DA:77,0
DA:81,0
DA:88,0
DA:93,0
DA:97,1
LF:29
LH:3
BRDA:14,0,0,0
BRDA:14,0,1,0
BRDA:14,1,0,0
BRDA:14,1,1,0
BRDA:22,2,0,0
BRDA:27,3,0,0
BRDA:27,3,1,0
BRDA:44,4,0,0
BRDA:49,5,0,0
BRDA:49,5,1,0
BRDA:70,6,0,0
BRDA:70,6,1,0
BRDA:81,7,0,0
BRDA:81,7,1,0
BRDA:93,8,0,0
BRDA:93,8,1,0
BRF:16
BRH:0
end_of_record
TN:
SF:src/repositories/quote.repository.js
FN:10,(anonymous_0)
FN:23,(anonymous_1)
FN:45,(anonymous_2)
FN:66,(anonymous_3)
FN:77,(anonymous_4)
FN:89,(anonymous_5)
FNF:6
FNH:0
FNDA:0,(anonymous_0)
FNDA:0,(anonymous_1)
FNDA:0,(anonymous_2)
FNDA:0,(anonymous_3)
FNDA:0,(anonymous_4)
FNDA:0,(anonymous_5)
DA:4,1
DA:6,1
DA:11,0
DA:17,0
DA:24,0
DA:25,0
DA:26,0
DA:28,0
DA:29,0
DA:30,0
DA:33,0
DA:34,0
DA:39,0
DA:46,0
DA:47,0
DA:48,0
DA:50,0
DA:51,0
DA:52,0
DA:55,0
DA:56,0
DA:60,0
DA:67,0
DA:71,0
DA:78,0
DA:83,0
DA:90,0
DA:95,0
DA:99,1
LF:29
LH:3
BRDA:15,0,0,0
BRDA:15,0,1,0
BRDA:15,1,0,0
BRDA:15,1,1,0
BRDA:15,2,0,0
BRDA:15,2,1,0
BRDA:15,3,0,0
BRDA:15,3,1,0
BRDA:15,4,0,0
BRDA:15,4,1,0
BRDA:23,5,0,0
BRDA:28,6,0,0
BRDA:28,6,1,0
BRDA:45,7,0,0
BRDA:50,8,0,0
BRDA:50,8,1,0
BRDA:71,9,0,0
BRDA:71,9,1,0
BRDA:81,10,0,0
BRDA:81,10,1,0
BRDA:83,11,0,0
BRDA:83,11,1,0
BRDA:95,12,0,0
BRDA:95,12,1,0
BRF:24
BRH:0
end_of_record
TN:
SF:src/repositories/shipment.repository.js
FN:10,(anonymous_0)
FN:23,(anonymous_1)
FN:34,(anonymous_2)
FN:45,(anonymous_3)
FN:81,(anonymous_4)
FN:115,(anonymous_5)
FN:127,(anonymous_6)
FN:138,(anonymous_7)
FN:151,(anonymous_8)
FN:163,(anonymous_9)
FN:169,(anonymous_10)
FN:176,(anonymous_11)
FN:187,(anonymous_12)
FNF:13
FNH:0
FNDA:0,(anonymous_0)
FNDA:0,(anonymous_1)
FNDA:0,(anonymous_2)
FNDA:0,(anonymous_3)
FNDA:0,(anonymous_4)
FNDA:0,(anonymous_5)
FNDA:0,(anonymous_6)
FNDA:0,(anonymous_7)
FNDA:0,(anonymous_8)
FNDA:0,(anonymous_9)
FNDA:0,(anonymous_10)
FNDA:0,(anonymous_11)
FNDA:0,(anonymous_12)
DA:4,1
DA:6,1
DA:11,0
DA:17,0
DA:24,0
DA:28,0
DA:35,0
DA:39,0
DA:46,0
DA:47,0
DA:48,0
DA:50,0
DA:51,0
DA:52,0
DA:54,0
DA:55,0
DA:56,0
DA:58,0
DA:59,0
DA:60,0
DA:62,0
DA:63,0
DA:64,0
DA:65,0
DA:68,0
DA:70,0
DA:75,0
DA:82,0
DA:83,0
DA:84,0
DA:86,0
DA:87,0
DA:88,0
DA:90,0
DA:91,0
DA:92,0
DA:94,0
DA:95,0
DA:96,0
DA:98,0
DA:99,0
DA:100,0
DA:101,0
DA:104,0
DA:105,0
DA:109,0
DA:116,0
DA:121,0
DA:128,0
DA:132,0
DA:139,0
DA:145,0
DA:152,0
DA:157,0
DA:164,0
DA:168,0
DA:169,0
DA:170,0
DA:177,0
DA:181,0
DA:188,0
DA:192,0
DA:196,1
LF:63
LH:3
BRDA:15,0,0,0
BRDA:15,0,1,0
BRDA:15,1,0,0
BRDA:15,1,1,0
BRDA:15,2,0,0
BRDA:15,2,1,0
BRDA:28,3,0,0
BRDA:28,3,1,0
BRDA:39,4,0,0
BRDA:39,4,1,0
BRDA:45,5,0,0
BRDA:50,6,0,0
BRDA:50,6,1,0
BRDA:54,7,0,0
BRDA:54,7,1,0
BRDA:58,8,0,0
BRDA:58,8,1,0
BRDA:62,9,0,0
BRDA:62,9,1,0
BRDA:68,10,0,0
BRDA:68,10,1,0
BRDA:81,11,0,0
BRDA:86,12,0,0
BRDA:86,12,1,0
BRDA:90,13,0,0
BRDA:90,13,1,0
BRDA:94,14,0,0
BRDA:94,14,1,0
BRDA:98,15,0,0
BRDA:98,15,1,0
BRDA:104,16,0,0
BRDA:104,16,1,0
BRDA:143,17,0,0
BRDA:143,17,1,0
BRDA:145,18,0,0
BRDA:145,18,1,0
BRDA:157,19,0,0
BRDA:157,19,1,0
BRDA:187,20,0,0
BRF:39
BRH:0
end_of_record
TN:
SF:src/repositories/tracking.repository.js
FN:10,(anonymous_0)
FN:22,(anonymous_1)
FN:33,(anonymous_2)
FN:44,(anonymous_3)
FNF:4
FNH:0
FNDA:0,(anonymous_0)
FNDA:0,(anonymous_1)
FNDA:0,(anonymous_2)
FNDA:0,(anonymous_3)
DA:4,1
DA:6,1
DA:11,0
DA:16,0
DA:23,0
DA:27,0
DA:34,0
DA:38,0
DA:45,0
DA:49,0
DA:53,1
LF:11
LH:3
BRDA:14,0,0,0
BRDA:14,0,1,0
BRDA:14,1,0,0
BRDA:14,1,1,0
BRDA:49,2,0,0
BRDA:49,2,1,0
BRF:6
BRH:0
end_of_record
TN:
SF:src/repositories/user.repository.js
FN:10,(anonymous_0)
FN:21,(anonymous_1)
FN:34,(anonymous_2)
FN:47,(anonymous_3)
FN:60,(anonymous_4)
FN:74,(anonymous_5)
FN:84,(anonymous_6)
FN:101,(anonymous_7)
FN:113,(anonymous_8)
FN:125,(anonymous_9)
FN:135,(anonymous_10)
FN:145,(anonymous_11)
FN:155,(anonymous_12)
FN:165,(anonymous_13)
FN:177,(anonymous_14)
FN:188,(anonymous_15)
FN:198,(anonymous_16)
FN:211,(anonymous_17)
FN:223,(anonymous_18)
FNF:19
FNH:0
FNDA:0,(anonymous_0)
FNDA:0,(anonymous_1)
FNDA:0,(anonymous_2)
FNDA:0,(anonymous_3)
FNDA:0,(anonymous_4)
FNDA:0,(anonymous_5)
FNDA:0,(anonymous_6)
FNDA:0,(anonymous_7)
FNDA:0,(anonymous_8)
FNDA:0,(anonymous_9)
FNDA:0,(anonymous_10)
FNDA:0,(anonymous_11)
FNDA:0,(anonymous_12)
FNDA:0,(anonymous_13)
FNDA:0,(anonymous_14)
FNDA:0,(anonymous_15)
FNDA:0,(anonymous_16)
FNDA:0,(anonymous_17)
FNDA:0,(anonymous_18)
DA:4,1
DA:6,1
DA:11,0
DA:15,0
DA:22,0
DA:28,0
DA:35,0
DA:41,0
DA:48,0
DA:54,0
DA:61,0
DA:68,0
DA:75,0
DA:78,0
DA:85,0
DA:95,0
DA:102,0
DA:107,0
DA:114,0
DA:119,0
DA:126,0
DA:136,0
DA:146,0
DA:156,0
DA:166,0
DA:171,0
DA:178,0
DA:189,0
DA:199,0
DA:205,0
DA:212,0
DA:217,0
DA:224,0
DA:228,0
DA:232,1
LF:35
LH:3
BRDA:15,0,0,0
BRDA:15,0,1,0
BRDA:28,1,0,0
BRDA:28,1,1,0
BRDA:41,2,0,0
BRDA:41,2,1,0
BRDA:52,3,0,0
BRDA:52,3,1,0
BRDA:52,4,0,0
BRDA:52,4,1,0
BRDA:52,5,0,0
BRDA:52,5,1,0
BRDA:52,6,0,0
BRDA:52,6,1,0
BRDA:95,7,0,0
BRDA:95,7,1,0
BRDA:107,8,0,0
BRDA:107,8,1,0
BRDA:119,9,0,0
BRDA:119,9,1,0
BRDA:171,10,0,0
BRDA:171,10,1,0
BRDA:205,11,0,0
BRDA:205,11,1,0
BRDA:217,12,0,0
BRDA:217,12,1,0
BRF:26
BRH:0
end_of_record
TN:
SF:src/routes/index.js
FNF:0
FNH:0
DA:4,1
DA:5,1
DA:8,1
DA:9,1
DA:10,1
DA:11,1
DA:12,1
DA:13,1
DA:16,1
DA:17,1
DA:18,1
DA:19,1
DA:20,1
DA:21,1
DA:23,1
LF:15
LH:15
BRF:0
BRH:0
end_of_record
TN:
SF:src/routes/v1/admin.routes.js
FNF:0
FNH:0
DA:5,1
DA:6,1
DA:7,1
DA:8,1
DA:9,1
DA:10,1
DA:11,1
DA:12,1
DA:13,1
DA:16,1
DA:19,1
DA:20,1
DA:21,1
DA:22,1
DA:25,1
DA:26,1
DA:28,1
LF:17
LH:17
BRF:0
BRH:0
end_of_record
TN:
SF:src/routes/v1/auth.routes.js
FNF:0
FNH:0
DA:4,1
DA:5,1
DA:6,1
DA:7,1
DA:8,1
DA:9,1
DA:10,1
DA:13,1
DA:14,1
DA:15,1
DA:16,1
DA:17,1
DA:18,1
DA:21,1
DA:22,1
DA:23,1
DA:25,1
LF:17
LH:17
BRF:0
BRH:0
end_of_record
TN:
SF:src/routes/v1/contact.routes.js
FNF:0
FNH:0
DA:4,1
DA:5,1
DA:6,1
DA:7,1
DA:8,1
DA:9,1
DA:12,1
DA:14,1
LF:8
LH:8
BRF:0
BRH:0
end_of_record
TN:
SF:src/routes/v1/quote.routes.js
FNF:0
FNH:0
DA:4,1
DA:5,1
DA:6,1
DA:7,1
DA:8,1
DA:9,1
DA:10,1
DA:11,1
DA:12,1
DA:15,1
DA:18,1
DA:19,1
DA:21,1
LF:13
LH:13
BRF:0
BRH:0
end_of_record
TN:
SF:src/routes/v1/shipment.routes.js
FNF:0
FNH:0
DA:4,1
DA:5,1
DA:6,1
DA:7,1
DA:8,1
DA:9,1
DA:10,1
DA:11,1
DA:14,1
DA:17,1
DA:20,1
DA:23,1
DA:26,1
DA:29,1
DA:31,1
LF:15
LH:15
BRF:0
BRH:0
end_of_record
TN:
SF:src/routes/v1/tracking.routes.js
FNF:0
FNH:0
DA:4,1
DA:5,1
DA:6,1
DA:7,1
DA:8,1
DA:9,1
DA:10,1
DA:11,1
DA:14,1
DA:17,1
DA:19,1
LF:11
LH:11
BRF:0
BRH:0
end_of_record
TN:
SF:src/services/audit.service.js
FN:10,(anonymous_0)
FN:17,(anonymous_1)
FNF:2
FNH:0
FNDA:0,(anonymous_0)
FNDA:0,(anonymous_1)
DA:4,1
DA:6,1
DA:11,0
DA:16,0
DA:17,0
DA:35,1
LF:6
LH:3
BRF:0
BRH:0
end_of_record
TN:
SF:src/services/auth.service.js
FN:17,(anonymous_0)
FN:56,(anonymous_1)
FN:112,(anonymous_2)
FN:119,(anonymous_3)
FN:128,(anonymous_4)
FN:137,(anonymous_5)
FN:158,(anonymous_6)
FN:178,(anonymous_7)
FNF:8
FNH:0
FNDA:0,(anonymous_0)
FNDA:0,(anonymous_1)
FNDA:0,(anonymous_2)
FNDA:0,(anonymous_3)
FNDA:0,(anonymous_4)
FNDA:0,(anonymous_5)
FNDA:0,(anonymous_6)
FNDA:0,(anonymous_7)
DA:6,1
DA:7,1
DA:8,1
DA:9,1
DA:10,1
DA:11,1
DA:13,1
DA:18,0
DA:19,0
DA:22,0
DA:25,0
DA:27,0
DA:32,0
DA:33,0
DA:36,0
DA:37,0
DA:39,0
DA:57,0
DA:59,0
DA:60,0
DA:64,0
DA:65,0
DA:66,0
DA:69,0
DA:73,0
DA:74,0
DA:76,0
DA:78,0
DA:79,0
DA:80,0
DA:81,0
DA:84,0
DA:88,0
DA:91,0
DA:94,0
DA:96,0
DA:113,0
DA:120,0
DA:121,0
DA:122,0
DA:129,0
DA:130,0
DA:131,0
DA:138,0
DA:140,0
DA:142,0
DA:143,0
DA:144,0
DA:146,0
DA:149,0
DA:159,0
DA:160,0
DA:162,0
DA:163,0
DA:166,0
DA:167,0
DA:170,0
DA:172,0
DA:179,0
DA:180,0
DA:181,0
DA:183,0
DA:187,1
LF:63
LH:8
BRDA:18,0,0,0
BRDA:18,0,1,0
BRDA:25,1,0,0
BRDA:25,1,1,0
BRDA:25,2,0,0
BRDA:25,2,1,0
BRDA:25,3,0,0
BRDA:25,3,1,0
BRDA:59,4,0,0
BRDA:59,4,1,0
BRDA:64,5,0,0
BRDA:64,5,1,0
BRDA:65,6,0,0
BRDA:65,6,1,0
BRDA:65,7,0,0
BRDA:65,7,1,0
BRDA:74,8,0,0
BRDA:74,8,1,0
BRDA:78,9,0,0
BRDA:78,9,1,0
BRDA:121,10,0,0
BRDA:121,10,1,0
BRDA:130,11,0,0
BRDA:130,11,1,0
BRDA:140,12,0,0
BRDA:140,12,1,0
BRDA:162,13,0,0
BRDA:162,13,1,0
BRDA:180,14,0,0
BRDA:180,14,1,0
BRF:30
BRH:0
end_of_record
TN:
SF:src/services/contact.service.js
FN:11,(anonymous_0)
FN:20,(anonymous_1)
FN:27,(anonymous_2)
FN:44,(anonymous_3)
FNF:4
FNH:0
FNDA:0,(anonymous_0)
FNDA:0,(anonymous_1)
FNDA:0,(anonymous_2)
FNDA:0,(anonymous_3)
DA:4,1
DA:5,1
DA:7,1
DA:12,0
DA:14,0
DA:21,0
DA:26,0
DA:27,0
DA:45,0
DA:46,0
DA:48,0
DA:49,0
DA:53,1
LF:13
LH:4
BRDA:46,0,0,0
BRDA:46,0,1,0
BRF:2
BRH:0
end_of_record
TN:
SF:src/services/quote.service.js
FN:12,(anonymous_0)
FN:21,(anonymous_1)
FN:28,(anonymous_2)
FN:50,(anonymous_3)
FNF:4
FNH:0
FNDA:0,(anonymous_0)
FNDA:0,(anonymous_1)
FNDA:0,(anonymous_2)
FNDA:0,(anonymous_3)
DA:4,1
DA:5,1
DA:6,1
DA:8,1
DA:13,0
DA:15,0
DA:22,0
DA:27,0
DA:28,0
DA:51,0
DA:52,0
DA:55,0
DA:56,0
DA:58,0
DA:59,0
DA:67,1
LF:16
LH:5
BRDA:51,0,0,0
BRDA:51,0,1,0
BRDA:56,1,0,0
BRDA:56,1,1,0
BRF:4
BRH:0
end_of_record
TN:
SF:src/services/shipment.service.js
FN:12,(anonymous_0)
FN:30,(anonymous_1)
FN:55,(anonymous_2)
FN:66,(anonymous_3)
FN:77,(anonymous_4)
FN:88,(anonymous_5)
FN:99,(anonymous_6)
FN:137,(anonymous_7)
FN:148,(anonymous_8)
FNF:9
FNH:0
FNDA:0,(anonymous_0)
FNDA:0,(anonymous_1)
FNDA:0,(anonymous_2)
FNDA:0,(anonymous_3)
FNDA:0,(anonymous_4)
FNDA:0,(anonymous_5)
FNDA:0,(anonymous_6)
FNDA:0,(anonymous_7)
FNDA:0,(anonymous_8)
DA:4,1
DA:5,1
DA:6,1
DA:7,1
DA:12,1
DA:26,1
DA:31,0
DA:32,0
DA:35,0
DA:40,0
DA:49,0
DA:56,0
DA:60,0
DA:67,0
DA:71,0
DA:78,0
DA:79,0
DA:81,0
DA:82,0
DA:89,0
DA:90,0
DA:92,0
DA:93,0
DA:100,0
DA:101,0
DA:104,0
DA:105,0
DA:106,0
DA:107,0
DA:113,0
DA:116,0
DA:117,0
DA:120,0
DA:121,0
DA:131,0
DA:138,0
DA:139,0
DA:141,0
DA:142,0
DA:149,0
DA:155,0
DA:163,1
LF:42
LH:7
BRDA:31,0,0,0
BRDA:31,0,1,0
BRDA:43,1,0,0
BRDA:43,1,1,0
BRDA:49,2,0,0
BRDA:49,2,1,0
BRDA:79,3,0,0
BRDA:79,3,1,0
BRDA:90,4,0,0
BRDA:90,4,1,0
BRDA:101,5,0,0
BRDA:101,5,1,0
BRDA:104,6,0,0
BRDA:104,6,1,0
BRDA:106,7,0,0
BRDA:106,7,1,0
BRDA:106,8,0,0
BRDA:106,8,1,0
BRDA:108,9,0,0
BRDA:108,9,1,0
BRDA:108,10,0,0
BRDA:108,10,1,0
BRDA:113,11,0,0
BRDA:113,11,1,0
BRDA:117,12,0,0
BRDA:117,12,1,0
BRDA:120,13,0,0
BRDA:120,13,1,0
BRDA:120,14,0,0
BRDA:120,14,1,0
BRDA:124,15,0,0
BRDA:124,15,1,0
BRDA:126,16,0,0
BRDA:126,16,1,0
BRDA:139,17,0,0
BRDA:139,17,1,0
BRF:36
BRH:0
end_of_record
TN:
SF:src/services/token.service.js
FN:14,(anonymous_0)
FN:25,(anonymous_1)
FN:41,(anonymous_2)
FN:82,(anonymous_3)
FN:89,(anonymous_4)
FN:96,(anonymous_5)
FN:105,parseDuration
FNF:7
FNH:0
FNDA:0,(anonymous_0)
FNDA:0,(anonymous_1)
FNDA:0,(anonymous_2)
FNDA:0,(anonymous_3)
FNDA:0,(anonymous_4)
FNDA:0,(anonymous_5)
FNDA:0,parseDuration
DA:4,1
DA:5,1
DA:6,1
DA:7,1
DA:8,1
DA:10,1
DA:15,0
DA:26,0
DA:27,0
DA:29,0
DA:34,0
DA:43,0
DA:51,0
DA:52,0
DA:53,0
DA:57,0
DA:58,0
DA:59,0
DA:63,0
DA:64,0
DA:65,0
DA:69,0
DA:72,0
DA:73,0
DA:74,0
DA:76,0
DA:83,0
DA:90,0
DA:97,0
DA:98,0
DA:106,0
DA:107,0
DA:108,0
DA:109,0
DA:112,1
LF:35
LH:7
BRDA:52,0,0,0
BRDA:52,0,1,0
BRDA:57,1,0,0
BRDA:57,1,1,0
BRDA:63,2,0,0
BRDA:63,2,1,0
BRDA:63,3,0,0
BRDA:63,3,1,0
BRDA:108,4,0,0
BRDA:108,4,1,0
BRF:10
BRH:0
end_of_record
TN:
SF:src/services/tracking.service.js
FN:12,(anonymous_0)
FN:32,(anonymous_1)
FN:45,(anonymous_2)
FNF:3
FNH:0
FNDA:0,(anonymous_0)
FNDA:0,(anonymous_1)
FNDA:0,(anonymous_2)
DA:4,1
DA:5,1
DA:6,1
DA:8,1
DA:13,0
DA:14,0
DA:16,0
DA:17,0
DA:19,0
DA:32,0
DA:46,0
DA:47,0
DA:50,0
DA:53,0
DA:62,0
DA:73,1
LF:16
LH:5
BRDA:14,0,0,0
BRDA:14,0,1,0
BRDA:17,1,0,0
BRDA:17,1,1,0
BRDA:47,2,0,0
BRDA:47,2,1,0
BRF:6
BRH:0
end_of_record
TN:
SF:src/utils/AppError.js
FN:6,(anonymous_0)
FN:17,(anonymous_1)
FN:24,(anonymous_2)
FN:30,(anonymous_3)
FN:36,(anonymous_4)
FN:42,(anonymous_5)
FN:48,(anonymous_6)
FN:54,(anonymous_7)
FNF:8
FNH:0
FNDA:0,(anonymous_0)
FNDA:0,(anonymous_1)
FNDA:0,(anonymous_2)
FNDA:0,(anonymous_3)
FNDA:0,(anonymous_4)
FNDA:0,(anonymous_5)
FNDA:0,(anonymous_6)
FNDA:0,(anonymous_7)
DA:7,0
DA:8,0
DA:9,0
DA:10,0
DA:11,0
DA:12,0
DA:18,0
DA:19,0
DA:25,0
DA:31,0
DA:37,0
DA:43,0
DA:49,0
DA:55,0
DA:56,0
DA:60,1
LF:16
LH:1
BRDA:6,0,0,0
BRDA:6,1,0,0
BRDA:17,2,0,0
BRDA:17,3,0,0
BRDA:24,4,0,0
BRDA:30,5,0,0
BRDA:36,6,0,0
BRDA:42,7,0,0
BRDA:48,8,0,0
BRF:9
BRH:0
end_of_record
TN:
SF:src/utils/pagination.js
FN:17,(anonymous_0)
FN:45,(anonymous_1)
FNF:2
FNH:0
FNDA:0,(anonymous_0)
FNDA:0,(anonymous_1)
DA:5,1
DA:6,1
DA:7,1
DA:9,1
DA:17,1
DA:18,0
DA:19,0
DA:21,0
DA:22,0
DA:23,0
DA:25,0
DA:27,0
DA:28,0
DA:29,0
DA:32,0
DA:33,0
DA:34,0
DA:37,0
DA:45,1
DA:46,0
DA:49,1
LF:21
LH:7
BRDA:17,0,0,0
BRDA:17,1,0,0
BRDA:21,2,0,0
BRDA:21,2,1,0
BRDA:21,3,0,0
BRDA:21,3,1,0
BRDA:22,4,0,0
BRDA:22,4,1,0
BRDA:22,5,0,0
BRDA:22,5,1,0
BRDA:23,6,0,0
BRDA:23,6,1,0
BRDA:28,7,0,0
BRDA:28,7,1,0
BRDA:28,8,0,0
BRDA:28,8,1,0
BRDA:33,9,0,0
BRDA:33,9,1,0
BRDA:33,10,0,0
BRDA:33,10,1,0
BRF:20
BRH:0
end_of_record
TN:
SF:src/utils/responseHelper.js
FN:13,(anonymous_0)
FN:29,(anonymous_1)
FN:39,(anonymous_2)
FN:61,(anonymous_3)
FNF:4
FNH:0
FNDA:0,(anonymous_0)
FNDA:0,(anonymous_1)
FNDA:0,(anonymous_2)
FNDA:0,(anonymous_3)
DA:13,1
DA:14,0
DA:19,0
DA:20,0
DA:23,0
DA:29,1
DA:30,0
DA:39,1
DA:40,0
DA:41,0
DA:43,0
DA:61,1
DA:62,0
DA:70,0
DA:71,0
DA:74,0
DA:77,1
LF:17
LH:5
BRDA:13,0,0,0
BRDA:13,1,0,0
BRDA:13,2,0,0
BRDA:19,3,0,0
BRDA:19,3,1,0
BRDA:29,4,0,0
BRDA:61,5,0,0
BRDA:61,6,0,0
BRDA:61,7,0,0
BRDA:70,8,0,0
BRDA:70,8,1,0
BRF:11
BRH:0
end_of_record
TN:
SF:src/validators/auth.validator.js
FNF:0
FNH:0
DA:4,1
DA:6,1
DA:22,1
DA:29,1
DA:38,1
DA:44,1
DA:55,1
DA:61,1
DA:67,1
LF:9
LH:9
BRF:0
BRH:0
end_of_record
TN:
SF:src/validators/contact.validator.js
FNF:0
FNH:0
DA:4,1
DA:6,1
DA:17,1
DA:23,1
DA:33,1
LF:5
LH:5
BRF:0
BRH:0
end_of_record
TN:
SF:src/validators/quote.validator.js
FNF:0
FNH:0
DA:4,1
DA:5,1
DA:7,1
DA:21,1
DA:30,1
DA:40,1
LF:6
LH:6
BRF:0
BRH:0
end_of_record
TN:
SF:src/validators/shipment.validator.js
FNF:0
FNH:0
DA:4,1
DA:5,1
DA:7,1
DA:20,1
DA:31,1
DA:43,1
DA:49,1
LF:7
LH:7
BRF:0
BRH:0
end_of_record
TN:
SF:src/validators/tracking.validator.js
FNF:0
FNH:0
DA:4,1
DA:5,1
DA:7,1
DA:16,1
DA:22,1
LF:5
LH:5
BRF:0
BRH:0
end_of_record
